

------------------------- Subgraph 0 -------------------------

[PASSED] -> Alpha - 460530000ps | [i] = 0
		- Golden = 0.250000000000000
		- DUT    = 0.249999999534339
		- Diff   = 0.000000000465661

[PASSED] -> Alpha - 460540000ps | [i] = 1
		- Golden = 0.250000000000000
		- DUT    = 0.249999999534339
		- Diff   = 0.000000000465661

[PASSED] -> Alpha - 460550000ps | [i] = 2
		- Golden = 0.250000000000000
		- DUT    = 0.249999999534339
		- Diff   = 0.000000000465661

[PASSED] -> Alpha - 460560000ps | [i] = 3
		- Golden = 0.250000000000000
		- DUT    = 0.249999999534339
		- Diff   = 0.000000000465661

------------------------- Subgraph 1 -------------------------

[PASSED] -> Alpha - 461370000ps | [i] = 4
		- Golden = 0.000007629335869
		- DUT    = 0.000007628928870
		- Diff   = 0.000000000406999

[PASSED] -> Alpha - 461380000ps | [i] = 5
		- Golden = 0.000000029802093
		- DUT    = 0.000000029336661
		- Diff   = 0.000000000465432

[PASSED] -> Alpha - 461390000ps | [i] = 6
		- Golden = 0.000000029802093
		- DUT    = 0.000000029336661
		- Diff   = 0.000000000465432

[PASSED] -> Alpha - 461400000ps | [i] = 7
		- Golden = 0.999992311059944
		- DUT    = 0.999992311000824
		- Diff   = 0.000000000059120

------------------------- Subgraph 2 -------------------------

[PASSED] -> Alpha - 462450000ps | [i] = 8
		- Golden = 0.026315789473684
		- DUT    = 0.026315789204091
		- Diff   = 0.000000000269593

[PASSED] -> Alpha - 462460000ps | [i] = 9
		- Golden = 0.842105263157895
		- DUT    = 0.842105262912810
		- Diff   = 0.000000000245085

[PASSED] -> Alpha - 462470000ps | [i] = 10
		- Golden = 0.026315789473684
		- DUT    = 0.026315789204091
		- Diff   = 0.000000000269593

[PASSED] -> Alpha - 462480000ps | [i] = 11
		- Golden = 0.026315789473684
		- DUT    = 0.026315789204091
		- Diff   = 0.000000000269593

[PASSED] -> Alpha - 462490000ps | [i] = 12
		- Golden = 0.052631578947368
		- DUT    = 0.052631578873843
		- Diff   = 0.000000000073525

[PASSED] -> Alpha - 462500000ps | [i] = 13
		- Golden = 0.026315789473684
		- DUT    = 0.026315789204091
		- Diff   = 0.000000000269593

------------------------- Subgraph 3 -------------------------

[PASSED] -> Alpha - 462740000ps | [i] = 14
		- Golden = 0.000975609756098
		- DUT    = 0.000975609291345
		- Diff   = 0.000000000464753

[PASSED] -> Alpha - 462750000ps | [i] = 15
		- Golden = 0.999024390243902
		- DUT    = 0.999024390242994
		- Diff   = 0.000000000000909

------------------------- Subgraph 4 -------------------------

[PASSED] -> Alpha - 463510000ps | [i] = 16
		- Golden = 0.166666666666667
		- DUT    = 0.166666666511446
		- Diff   = 0.000000000155220

[PASSED] -> Alpha - 463520000ps | [i] = 17
		- Golden = 0.166666666666667
		- DUT    = 0.166666666511446
		- Diff   = 0.000000000155220

[PASSED] -> Alpha - 463530000ps | [i] = 18
		- Golden = 0.166666666666667
		- DUT    = 0.166666666511446
		- Diff   = 0.000000000155220

[PASSED] -> Alpha - 463540000ps | [i] = 19
		- Golden = 0.166666666666667
		- DUT    = 0.166666666511446
		- Diff   = 0.000000000155220

[PASSED] -> Alpha - 463550000ps | [i] = 20
		- Golden = 0.166666666666667
		- DUT    = 0.166666666511446
		- Diff   = 0.000000000155220

[PASSED] -> Alpha - 463560000ps | [i] = 21
		- Golden = 0.166666666666667
		- DUT    = 0.166666666511446
		- Diff   = 0.000000000155220

------------------------- Subgraph 5 -------------------------

[PASSED] -> Alpha - 464320000ps | [i] = 22
		- Golden = 0.052631578947368
		- DUT    = 0.052631578873843
		- Diff   = 0.000000000073525

[PASSED] -> Alpha - 464330000ps | [i] = 23
		- Golden = 0.052631578947368
		- DUT    = 0.052631578873843
		- Diff   = 0.000000000073525

[PASSED] -> Alpha - 464340000ps | [i] = 24
		- Golden = 0.052631578947368
		- DUT    = 0.052631578873843
		- Diff   = 0.000000000073525

[PASSED] -> Alpha - 464350000ps | [i] = 25
		- Golden = 0.842105263157895
		- DUT    = 0.842105262912810
		- Diff   = 0.000000000245085

------------------------- Subgraph 6 -------------------------

[PASSED] -> Alpha - 465300000ps | [i] = 26
		- Golden = 0.000061031343886
		- DUT    = 0.000061030965298
		- Diff   = 0.000000000378588

[PASSED] -> Alpha - 465310000ps | [i] = 27
		- Golden = 0.999937538233991
		- DUT    = 0.999937538057566
		- Diff   = 0.000000000176426

[PASSED] -> Alpha - 465320000ps | [i] = 28
		- Golden = 0.000000476807374
		- DUT    = 0.000000476371497
		- Diff   = 0.000000000435877

[PASSED] -> Alpha - 465330000ps | [i] = 29
		- Golden = 0.000000476807374
		- DUT    = 0.000000476371497
		- Diff   = 0.000000000435877

[PASSED] -> Alpha - 465340000ps | [i] = 30
		- Golden = 0.000000476807374
		- DUT    = 0.000000476371497
		- Diff   = 0.000000000435877

------------------------- Subgraph 7 -------------------------

[PASSED] -> Alpha - 465520000ps | [i] = 31
		- Golden = 0.500000000000000
		- DUT    = 0.499999999534339
		- Diff   = 0.000000000465661

[PASSED] -> Alpha - 465530000ps | [i] = 32
		- Golden = 0.500000000000000
		- DUT    = 0.499999999534339
		- Diff   = 0.000000000465661

------------------------- Subgraph 8 -------------------------

[PASSED] -> Alpha - 466130000ps | [i] = 33
		- Golden = 0.250000000000000
		- DUT    = 0.249999999534339
		- Diff   = 0.000000000465661

[PASSED] -> Alpha - 466140000ps | [i] = 34
		- Golden = 0.250000000000000
		- DUT    = 0.249999999534339
		- Diff   = 0.000000000465661

[PASSED] -> Alpha - 466150000ps | [i] = 35
		- Golden = 0.250000000000000
		- DUT    = 0.249999999534339
		- Diff   = 0.000000000465661

[PASSED] -> Alpha - 466160000ps | [i] = 36
		- Golden = 0.250000000000000
		- DUT    = 0.249999999534339
		- Diff   = 0.000000000465661

------------------------- Subgraph 9 -------------------------

[PASSED] -> Alpha - 466680000ps | [i] = 37
		- Golden = 0.333333333333333
		- DUT    = 0.333333333022892
		- Diff   = 0.000000000310441

[PASSED] -> Alpha - 466690000ps | [i] = 38
		- Golden = 0.333333333333333
		- DUT    = 0.333333333022892
		- Diff   = 0.000000000310441

[PASSED] -> Alpha - 466700000ps | [i] = 39
		- Golden = 0.333333333333333
		- DUT    = 0.333333333022892
		- Diff   = 0.000000000310441

------------------------- Subgraph 10 -------------------------

[PASSED] -> Alpha - 467410000ps | [i] = 40
		- Golden = 0.199995117306706
		- DUT    = 0.199995117262006
		- Diff   = 0.000000000044701

[PASSED] -> Alpha - 467420000ps | [i] = 41
		- Golden = 0.799980469226826
		- DUT    = 0.799980469048023
		- Diff   = 0.000000000178802

[PASSED] -> Alpha - 467430000ps | [i] = 42
		- Golden = 0.000024413466468
		- DUT    = 0.000024413224310
		- Diff   = 0.000000000242158

------------------------- Subgraph 11 -------------------------

[PASSED] -> Alpha - 467750000ps | [i] = 43
		- Golden = 0.027027027027027
		- DUT    = 0.027027026750147
		- Diff   = 0.000000000276880

[PASSED] -> Alpha - 467760000ps | [i] = 44
		- Golden = 0.864864864864865
		- DUT    = 0.864864864852279
		- Diff   = 0.000000000012585

[PASSED] -> Alpha - 467770000ps | [i] = 45
		- Golden = 0.108108108108108
		- DUT    = 0.108108107931912
		- Diff   = 0.000000000176196

------------------------- Subgraph 12 -------------------------

