
------------------------------------------------------------
|                    REPORT SUMMARY                        |
------------------------------------------------------------
  TOTAL NODES   =  12383	NUM_FEATURE_IN  = 3703
  NUM_SUBGRAPHS =   3279	NUM_FEATURE_OUT = 16
  MAX_NODES     =    100	NUM_SPARSE_DATA = 399089
------------------------------------------------------------
  Time    = 399196 cycles   (1188 us - 5180 us)  
  Latency =    145 cycles

  F = 100 MHz -> Time = 3991.96 us -> Latency = 1.45 us
  F = 150 MHz -> Time = 2662.64 us -> Latency = 0.97 us
  F = 200 MHz -> Time = 1995.98 us -> Latency = 0.72 us
  F = 225 MHz -> Time = 1772.43 us -> Latency = 0.64 us
  F = 300 MHz -> Time = 1329.32 us -> Latency = 0.48 us
------------------------------------------------------------
  SPMM:
     - WH              : 12352 | 12383	(99%)

  DMVM:
     - DMVM            :  5831 | 12383	(47%)
     - COEF            : 12383 | 12383	(100%)

  SOFTMAX:
     - Dividend        : 12383 | 12383	(100%)
     - Divisor         :  3279 |  3279	(100%)
     - Num Node        :  3279 |  3279	(100%)
     - Alpha           : 12383 | 12383	(100%)

  AGGREGATOR:
     - New Feature     : 52423 | 52464	(99%)

------------------------------------------------------------
|                          END                             |
------------------------------------------------------------

