
------------------------------------------------------------
|                    REPORT SUMMARY                        |
------------------------------------------------------------
  TOTAL NODES   =  13264	NUM_FEATURE_IN  = 1433
  NUM_SUBGRAPHS =   2708	NUM_FEATURE_OUT = 16
  MAX_NODES     =    169	NUM_SPARSE_DATA = 242101
------------------------------------------------------------
  Time    =  46006 cycles   (2421 us - 2881 us)  
  Latency =     47 cycles

  F = 100 MHz -> Time =  460.06 us -> Latency = 0.47 us
  F = 150 MHz -> Time =  306.86 us -> Latency = 0.31 us
  F = 200 MHz -> Time =  230.03 us -> Latency = 0.23 us
  F = 225 MHz -> Time =  204.27 us -> Latency = 0.21 us
  F = 300 MHz -> Time =  153.20 us -> Latency = 0.16 us
------------------------------------------------------------
  SPMM:
     - WH              : 13264 | 13264	(100%)

  DMVM:
     - DMVM            : 13264 | 13264	(100%)
     - COEF            : 13264 | 13264	(100%)

  SOFTMAX:
     - Dividend        : 13264 | 13264	(100%)
     - Divisor         :  2704 |  2708	(99%)
     - Num Node        :  2708 |  2708	(100%)
     - Alpha           : 13264 | 13264	(100%)

  AGGREGATOR:
     - New Feature     : 43327 | 43327	(100%)

------------------------------------------------------------
|                          END                             |
------------------------------------------------------------

