[PASSED] -> NewFeature - 2880950000ps | [i] = 43327
		- Golden = 0.000000000000000
		- DUT    = 0.000000000000000
		- Diff   = 0.000000000000000

------------------------- Subgraph 2708 -------------------------


------------------------- Subgraph 0 -------------------------

[FAILED] -> NewFeature - 2884810000ps | [i] = 0
		- Golden = 0.000000000000000
		- DUT    = 3576.250000000000000
		- Diff   = 3576.250000000000000

[FAILED] -> NewFeature - 2884820000ps | [i] = 1
		- Golden = 337.250000000000000
		- DUT    = 0.000000000000000
		- Diff   = 337.250000000000000

[PASSED] -> NewFeature - 2884830000ps | [i] = 2
		- Golden = 0.000000000000000
		- DUT    = 0.000000000000000
		- Diff   = 0.000000000000000

[FAILED] -> NewFeature - 2884840000ps | [i] = 3
		- Golden = 8038.250000000000000
		- DUT    = 1663.000000000000000
		- Diff   = 6375.250000000000000

[FAILED] -> NewFeature - 2884850000ps | [i] = 4
		- Golden = 0.000000000000000
		- DUT    = 1502.250000000000000
		- Diff   = 1502.250000000000000

[PASSED] -> NewFeature - 2884860000ps | [i] = 5
		- Golden = 0.000000000000000
		- DUT    = 0.000000000000000
		- Diff   = 0.000000000000000

[FAILED] -> NewFeature - 2884870000ps | [i] = 6
		- Golden = 278.250000000000000
		- DUT    = 1064.750000000000000
		- Diff   = 786.500000000000000

[PASSED] -> NewFeature - 2880950000ps | [i] = 43327
		- Golden = 0.000000000000000
		- DUT    = 0.000000000000000
		- Diff   = 0.000000000000000

------------------------- Subgraph 2708 -------------------------


------------------------- Subgraph 0 -------------------------

[FAILED] -> NewFeature - 2884810000ps | [i] = 0
		- Golden = 0.000000000000000
		- DUT    = 3576.250000000000000
		- Diff   = 3576.250000000000000

[FAILED] -> NewFeature - 2884820000ps | [i] = 1
		- Golden = 337.250000000000000
		- DUT    = 0.000000000000000
		- Diff   = 337.250000000000000

[PASSED] -> NewFeature - 2884830000ps | [i] = 2
		- Golden = 0.000000000000000
		- DUT    = 0.000000000000000
		- Diff   = 0.000000000000000

[FAILED] -> NewFeature - 2884840000ps | [i] = 3
		- Golden = 8038.250000000000000
		- DUT    = 1663.000000000000000
		- Diff   = 6375.250000000000000

[FAILED] -> NewFeature - 2884850000ps | [i] = 4
		- Golden = 0.000000000000000
		- DUT    = 1502.250000000000000
		- Diff   = 1502.250000000000000

[PASSED] -> NewFeature - 2884860000ps | [i] = 5
		- Golden = 0.000000000000000
		- DUT    = 0.000000000000000
		- Diff   = 0.000000000000000

[FAILED] -> NewFeature - 2884870000ps | [i] = 6
		- Golden = 278.250000000000000
		- DUT    = 1064.750000000000000
		- Diff   = 786.500000000000000

[PASSED] -> NewFeature - 2880950000ps | [i] = 43327
		- Golden = 0.000000000000000
		- DUT    = 0.000000000000000
		- Diff   = 0.000000000000000

------------------------- Subgraph 2708 -------------------------


------------------------- Subgraph 0 -------------------------

[FAILED] -> NewFeature - 2884810000ps | [i] = 0
		- Golden = 0.000000000000000
		- DUT    = 3576.250000000000000
		- Diff   = 3576.250000000000000

[FAILED] -> NewFeature - 2884820000ps | [i] = 1
		- Golden = 337.250000000000000
		- DUT    = 0.000000000000000
		- Diff   = 337.250000000000000

[PASSED] -> NewFeature - 2884830000ps | [i] = 2
		- Golden = 0.000000000000000
		- DUT    = 0.000000000000000
		- Diff   = 0.000000000000000

[FAILED] -> NewFeature - 2884840000ps | [i] = 3
		- Golden = 8038.250000000000000
		- DUT    = 1663.000000000000000
		- Diff   = 6375.250000000000000

[FAILED] -> NewFeature - 2884850000ps | [i] = 4
		- Golden = 0.000000000000000
		- DUT    = 1502.250000000000000
		- Diff   = 1502.250000000000000

[PASSED] -> NewFeature - 2884860000ps | [i] = 5
		- Golden = 0.000000000000000
		- DUT    = 0.000000000000000
		- Diff   = 0.000000000000000

[FAILED] -> NewFeature - 2884870000ps | [i] = 6
		- Golden = 278.250000000000000
		- DUT    = 1064.750000000000000
		- Diff   = 786.500000000000000

[PASSED] -> NewFeature - 2880950000ps | [i] = 43327
		- Golden = 0.000000000000000
		- DUT    = 0.000000000000000
		- Diff   = 0.000000000000000

------------------------- Subgraph 2708 -------------------------


------------------------- Subgraph 0 -------------------------

[PASSED] -> NewFeature - 2884810000ps | [i] = 0
		- Golden = 0.000000000000000
		- DUT    = 0.000000000000000
		- Diff   = 0.000000000000000

[PASSED] -> NewFeature - 2884820000ps | [i] = 1
		- Golden = 337.250000000000000
		- DUT    = 337.250000000000000
		- Diff   = 0.000000000000000

[PASSED] -> NewFeature - 2884830000ps | [i] = 2
		- Golden = 0.000000000000000
		- DUT    = 0.000000000000000
		- Diff   = 0.000000000000000

[PASSED] -> NewFeature - 2884840000ps | [i] = 3
		- Golden = 8038.250000000000000
		- DUT    = 8038.250000000000000
		- Diff   = 0.000000000000000

[PASSED] -> NewFeature - 2884850000ps | [i] = 4
		- Golden = 0.000000000000000
		- DUT    = 0.000000000000000
		- Diff   = 0.000000000000000

[PASSED] -> NewFeature - 2884860000ps | [i] = 5
		- Golden = 0.000000000000000
		- DUT    = 0.000000000000000
		- Diff   = 0.000000000000000

[PASSED] -> NewFeature - 2884870000ps | [i] = 6
		- Golden = 278.250000000000000
		- DUT    = 278.250000000000000
		- Diff   = 0.000000000000000

[PASSED] -> NewFeature - 2880950000ps | [i] = 43327
		- Golden = 0.000000000000000
		- DUT    = 0.000000000000000
		- Diff   = 0.000000000000000

------------------------- Subgraph 2708 -------------------------


------------------------- Subgraph 0 -------------------------

[PASSED] -> NewFeature - 2884810000ps | [i] = 0
		- Golden = 0.000000000000000
		- DUT    = 0.000000000000000
		- Diff   = 0.000000000000000

[PASSED] -> NewFeature - 2884820000ps | [i] = 1
		- Golden = 337.250000000000000
		- DUT    = 337.250000000000000
		- Diff   = 0.000000000000000

[PASSED] -> NewFeature - 2884830000ps | [i] = 2
		- Golden = 0.000000000000000
		- DUT    = 0.000000000000000
		- Diff   = 0.000000000000000

[PASSED] -> NewFeature - 2884840000ps | [i] = 3
		- Golden = 8038.250000000000000
		- DUT    = 8038.250000000000000
		- Diff   = 0.000000000000000

[PASSED] -> NewFeature - 2884850000ps | [i] = 4
		- Golden = 0.000000000000000
		- DUT    = 0.000000000000000
		- Diff   = 0.000000000000000

[PASSED] -> NewFeature - 2884860000ps | [i] = 5
		- Golden = 0.000000000000000
		- DUT    = 0.000000000000000
		- Diff   = 0.000000000000000

[PASSED] -> NewFeature - 2884870000ps | [i] = 6
		- Golden = 278.250000000000000
		- DUT    = 278.250000000000000
		- Diff   = 0.000000000000000

[PASSED] -> NewFeature - 2881080000ps | [i] = 43327
		- Golden = 0.000000000000000
		- DUT    = 0.000000000000000
		- Diff   = 0.000000000000000

------------------------- Subgraph 2708 -------------------------


------------------------- Subgraph 0 -------------------------

[PASSED] -> NewFeature - 2884940000ps | [i] = 0
		- Golden = 0.000000000000000
		- DUT    = 0.000000000000000
		- Diff   = 0.000000000000000

[PASSED] -> NewFeature - 2884950000ps | [i] = 1
		- Golden = 337.250000000000000
		- DUT    = 337.250000000000000
		- Diff   = 0.000000000000000

[PASSED] -> NewFeature - 2884960000ps | [i] = 2
		- Golden = 0.000000000000000
		- DUT    = 0.000000000000000
		- Diff   = 0.000000000000000

[PASSED] -> NewFeature - 2884970000ps | [i] = 3
		- Golden = 8038.250000000000000
		- DUT    = 8038.250000000000000
		- Diff   = 0.000000000000000

[PASSED] -> NewFeature - 2884980000ps | [i] = 4
		- Golden = 0.000000000000000
		- DUT    = 0.000000000000000
		- Diff   = 0.000000000000000

[PASSED] -> NewFeature - 2884990000ps | [i] = 5
		- Golden = 0.000000000000000
		- DUT    = 0.000000000000000
		- Diff   = 0.000000000000000

[PASSED] -> NewFeature - 2885000000ps | [i] = 6
		- Golden = 278.250000000000000
		- DUT    = 278.250000000000000
		- Diff   = 0.000000000000000

[PASSED] -> NewFeature - 2881080000ps | [i] = 43327
		- Golden = 0.000000000000000
		- DUT    = 0.000000000000000
		- Diff   = 0.000000000000000

------------------------- Subgraph 2708 -------------------------


------------------------- Subgraph 0 -------------------------

[PASSED] -> NewFeature - 2884940000ps | [i] = 0
		- Golden = 0.000000000000000
		- DUT    = 0.000000000000000
		- Diff   = 0.000000000000000

[PASSED] -> NewFeature - 2884950000ps | [i] = 1
		- Golden = 337.250000000000000
		- DUT    = 337.250000000000000
		- Diff   = 0.000000000000000

[PASSED] -> NewFeature - 2884960000ps | [i] = 2
		- Golden = 0.000000000000000
		- DUT    = 0.000000000000000
		- Diff   = 0.000000000000000

[PASSED] -> NewFeature - 2884970000ps | [i] = 3
		- Golden = 8038.250000000000000
		- DUT    = 8038.250000000000000
		- Diff   = 0.000000000000000

[PASSED] -> NewFeature - 2884980000ps | [i] = 4
		- Golden = 0.000000000000000
		- DUT    = 0.000000000000000
		- Diff   = 0.000000000000000

[PASSED] -> NewFeature - 2884990000ps | [i] = 5
		- Golden = 0.000000000000000
		- DUT    = 0.000000000000000
		- Diff   = 0.000000000000000

[PASSED] -> NewFeature - 2885000000ps | [i] = 6
		- Golden = 278.250000000000000
		- DUT    = 278.250000000000000
		- Diff   = 0.000000000000000

[PASSED] -> NewFeature - 2881080000ps | [i] = 43327
		- Golden = 0.000000000000000
		- DUT    = 0.000000000000000
		- Diff   = 0.000000000000000

------------------------- Subgraph 2708 -------------------------


------------------------- Subgraph 0 -------------------------

[PASSED] -> NewFeature - 2884940000ps | [i] = 0
		- Golden = 0.000000000000000
		- DUT    = 0.000000000000000
		- Diff   = 0.000000000000000

[PASSED] -> NewFeature - 2884950000ps | [i] = 1
		- Golden = 337.250000000000000
		- DUT    = 337.250000000000000
		- Diff   = 0.000000000000000

[PASSED] -> NewFeature - 2884960000ps | [i] = 2
		- Golden = 0.000000000000000
		- DUT    = 0.000000000000000
		- Diff   = 0.000000000000000

[PASSED] -> NewFeature - 2884970000ps | [i] = 3
		- Golden = 8038.250000000000000
		- DUT    = 8038.250000000000000
		- Diff   = 0.000000000000000

[PASSED] -> NewFeature - 2884980000ps | [i] = 4
		- Golden = 0.000000000000000
		- DUT    = 0.000000000000000
		- Diff   = 0.000000000000000

[PASSED] -> NewFeature - 2884990000ps | [i] = 5
		- Golden = 0.000000000000000
		- DUT    = 0.000000000000000
		- Diff   = 0.000000000000000

[PASSED] -> NewFeature - 2885000000ps | [i] = 6
		- Golden = 278.250000000000000
		- DUT    = 278.250000000000000
		- Diff   = 0.000000000000000

