
------------------------------------------------------------
|                    REPORT SUMMARY                        |
------------------------------------------------------------
  TOTAL NODES   =  12383	NUM_FEATURE_IN  = 3703
  NUM_SUBGRAPHS =   3279	NUM_FEATURE_OUT = 16
  MAX_NODES     =    100	NUM_SPARSE_DATA = 399089
------------------------------------------------------------
  Time    = 399196 cycles   (1188 us - 5180 us)  
  Latency =    145 cycles

  F = 100 MHz -> Time = 3991.96 us -> Latency = 1.45 us
  F = 150 MHz -> Time = 2662.64 us -> Latency = 0.97 us
  F = 200 MHz -> Time = 1995.98 us -> Latency = 0.72 us
  F = 225 MHz -> Time = 1772.43 us -> Latency = 0.64 us
  F = 300 MHz -> Time = 1329.32 us -> Latency = 0.48 us
------------------------------------------------------------
  SPMM:
     - WH              : 12352 | 12383	(99%)

  DMVM:
     - DMVM            :  5831 | 12383	(47%)
     - COEF            : 12383 | 12383	(100%)

  SOFTMAX:
     - Dividend        : 12383 | 12383	(100%)
     - Divisor         :  3279 |  3279	(100%)
     - Num Node        :  3279 |  3279	(100%)
     - Alpha           : 12383 | 12383	(100%)

  AGGREGATOR:
     - New Feature     : 52423 | 52464	(99%)

------------------------------------------------------------
|                          END                             |
------------------------------------------------------------

------------------------------------------------------------
|                    REPORT SUMMARY                        |
------------------------------------------------------------
  TOTAL NODES   =  12383	NUM_FEATURE_IN  = 3703
  NUM_SUBGRAPHS =   3279	NUM_FEATURE_OUT = 16
  MAX_NODES     =    100	NUM_SPARSE_DATA = 399089
------------------------------------------------------------
  Time    = 198203 cycles   (7161 us - 9143 us)  
  Latency =    101 cycles

  F = 100 MHz -> Time = 1982.03 us -> Latency = 1.01 us
  F = 150 MHz -> Time = 1322.01 us -> Latency = 0.67 us
  F = 200 MHz -> Time =  991.01 us -> Latency = 0.51 us
  F = 225 MHz -> Time =  880.02 us -> Latency = 0.45 us
  F = 300 MHz -> Time =  660.02 us -> Latency = 0.34 us
------------------------------------------------------------
  SPMM:
     - WH              :     0 | 12383	(0%)

  DMVM:
     - DMVM            :     1 | 12383	(0%)
     - COEF            : 10915 | 12383	(88%)

  SOFTMAX:
     - Dividend        : 10915 | 12383	(88%)
     - Divisor         :  2406 |  3279	(73%)
     - Num Node        :  3279 |  3279	(100%)
     - Alpha           :  8755 | 12383	(70%)

  AGGREGATOR:
     - New Feature     :  4619 | 19674	(23%)

------------------------------------------------------------
|                          END                             |
------------------------------------------------------------

