
------------------------------------------------------------
|                    REPORT SUMMARY                        |
------------------------------------------------------------
  TOTAL NODES   =  13264	NUM_FEATURE_IN  = 1433
  NUM_SUBGRAPHS =   2708	NUM_FEATURE_OUT = 16
  MAX_NODES     =    168	NUM_SPARSE_DATA = 242101
------------------------------------------------------------
  Time    = 242186 cycles   (459 us - 2880 us)  
  Latency =    140 cycles

  F = 100 MHz -> Time = 2421.86 us -> Latency = 1.40 us
  F = 150 MHz -> Time = 1615.38 us -> Latency = 0.93 us
  F = 200 MHz -> Time = 1210.93 us -> Latency = 0.70 us
  F = 225 MHz -> Time = 1075.31 us -> Latency = 0.62 us
  F = 300 MHz -> Time =  806.48 us -> Latency = 0.47 us
------------------------------------------------------------
  SPMM:
     - WH              : 13264 | 13264	(100%)

  DMVM:
     - DMVM            : 13264 | 13264	(100%)
     - COEF            : 13264 | 13264	(100%)

  SOFTMAX:
     - Dividend        : 13264 | 13264	(100%)
     - Divisor         :  2704 |  2708	(99%)
     - Num Node        :  2708 |  2708	(100%)
     - Alpha           : 13264 | 13264	(100%)

  AGGREGATOR:
     - New Feature     : 43328 | 43328	(100%)

------------------------------------------------------------
|                          END                             |
------------------------------------------------------------

