

------------------------- Subgraph 0 -------------------------

[PASSED] -> DMVM - 459390000ps | [i] = 0
		- Golden = -21338.000000
		- DUT    = 502950.000000

[PASSED] -> DMVM - 459400000ps | [i] = 1
		- Golden = -68579.000000
		- DUT    = 455709.000000

[PASSED] -> DMVM - 459580000ps | [i] = 2
		- Golden = -24897.000000
		- DUT    = 499391.000000

[PASSED] -> DMVM - 459730000ps | [i] = 3
		- Golden = -8502.000000
		- DUT    = 515786.000000

[PASSED] -> DMVM - 459920000ps | [i] = 4
		- Golden = -26834.000000
		- DUT    = 497454.000000

------------------------- Subgraph 1 -------------------------

[PASSED] -> DMVM - 460150000ps | [i] = 5
		- Golden = 4196.000000
		- DUT    = 4196.000000

[PASSED] -> DMVM - 460160000ps | [i] = 6
		- Golden = 12823.000000
		- DUT    = 12823.000000

[PASSED] -> DMVM - 460340000ps | [i] = 7
		- Golden = -18495.000000
		- DUT    = 505793.000000

[PASSED] -> DMVM - 460570000ps | [i] = 8
		- Golden = -6123.000000
		- DUT    = 518165.000000

[PASSED] -> DMVM - 460800000ps | [i] = 9
		- Golden = 48770.000000
		- DUT    = 48770.000000

------------------------- Subgraph 2 -------------------------

[PASSED] -> DMVM - 460990000ps | [i] = 10
		- Golden = -1274.000000
		- DUT    = 523014.000000

[PASSED] -> DMVM - 461000000ps | [i] = 11
		- Golden = -18495.000000
		- DUT    = 505793.000000

[PASSED] -> DMVM - 461220000ps | [i] = 12
		- Golden = 12823.000000
		- DUT    = 12823.000000

[PASSED] -> DMVM - 461450000ps | [i] = 13
		- Golden = 1432.000000
		- DUT    = 1432.000000

[PASSED] -> DMVM - 461660000ps | [i] = 14
		- Golden = -36076.000000
		- DUT    = 488212.000000

[PASSED] -> DMVM - 461820000ps | [i] = 15
		- Golden = 4154.000000
		- DUT    = 4154.000000

[PASSED] -> DMVM - 461860000ps | [i] = 16
		- Golden = -28499.000000
		- DUT    = 495789.000000

------------------------- Subgraph 3 -------------------------

[PASSED] -> DMVM - 462070000ps | [i] = 17
		- Golden = -1938.000000
		- DUT    = 522350.000000

[PASSED] -> DMVM - 462080000ps | [i] = 18
		- Golden = 21399.000000
		- DUT    = 21399.000000

[PASSED] -> DMVM - 462180000ps | [i] = 19
		- Golden = 42446.000000
		- DUT    = 42446.000000

------------------------- Subgraph 4 -------------------------

[PASSED] -> DMVM - 462360000ps | [i] = 20
		- Golden = -277.000000
		- DUT    = 524011.000000

[PASSED] -> DMVM - 462370000ps | [i] = 21
		- Golden = -43820.000000
		- DUT    = 480468.000000

[PASSED] -> DMVM - 462550000ps | [i] = 22
		- Golden = -64562.000000
		- DUT    = 459726.000000

[PASSED] -> DMVM - 462600000ps | [i] = 23
		- Golden = -9605.000000
		- DUT    = 514683.000000

[PASSED] -> DMVM - 462790000ps | [i] = 24
		- Golden = -33167.000000
		- DUT    = 491121.000000

[PASSED] -> DMVM - 462840000ps | [i] = 25
		- Golden = -14568.000000
		- DUT    = 509720.000000

[PASSED] -> DMVM - 463000000ps | [i] = 26
		- Golden = -38483.000000
		- DUT    = 485805.000000

------------------------- Subgraph 5 -------------------------

[PASSED] -> DMVM - 463130000ps | [i] = 27
		- Golden = -15384.000000
		- DUT    = 508904.000000

[PASSED] -> DMVM - 463140000ps | [i] = 28
		- Golden = -34268.000000
		- DUT    = 490020.000000

[PASSED] -> DMVM - 463380000ps | [i] = 29
		- Golden = -80110.000000
		- DUT    = 444178.000000

[PASSED] -> DMVM - 463550000ps | [i] = 30
		- Golden = -30283.000000
		- DUT    = 494005.000000

[PASSED] -> DMVM - 463760000ps | [i] = 31
		- Golden = 23947.000000
		- DUT    = 23947.000000

------------------------- Subgraph 6 -------------------------

[PASSED] -> DMVM - 463940000ps | [i] = 32
		- Golden = -2341.000000
		- DUT    = 521947.000000

[PASSED] -> DMVM - 463950000ps | [i] = 33
		- Golden = 17452.000000
		- DUT    = 17452.000000

[PASSED] -> DMVM - 464110000ps | [i] = 34
		- Golden = 45394.000000
		- DUT    = 45394.000000

[PASSED] -> DMVM - 464340000ps | [i] = 35
		- Golden = -7982.000000
		- DUT    = 516306.000000

[PASSED] -> DMVM - 464550000ps | [i] = 36
		- Golden = -5539.000000
		- DUT    = 518749.000000

[PASSED] -> DMVM - 464780000ps | [i] = 37
		- Golden = 74.000000
		- DUT    = 74.000000

------------------------- Subgraph 7 -------------------------

[PASSED] -> DMVM - 464920000ps | [i] = 38
		- Golden = 24251.000000
		- DUT    = 24251.000000

[PASSED] -> DMVM - 464930000ps | [i] = 39
		- Golden = -4868.000000
		- DUT    = 519420.000000

[PASSED] -> DMVM - 464940000ps | [i] = 40
		- Golden = -4651.000000
		- DUT    = 519637.000000

------------------------- Subgraph 8 -------------------------

[PASSED] -> DMVM - 465140000ps | [i] = 41
		- Golden = 3816.000000
		- DUT    = 3816.000000

[PASSED] -> DMVM - 465150000ps | [i] = 42
		- Golden = -10220.000000
		- DUT    = 514068.000000

[PASSED] -> DMVM - 465370000ps | [i] = 43
		- Golden = -45777.000000
		- DUT    = 478511.000000

[PASSED] -> DMVM - 465600000ps | [i] = 44
		- Golden = -133798.000000
		- DUT    = 390490.000000

[PASSED] -> DMVM - 465720000ps | [i] = 45
		- Golden = -38915.000000
		- DUT    = 485373.000000

------------------------- Subgraph 9 -------------------------

[PASSED] -> DMVM - 465750000ps | [i] = 46
		- Golden = -1372.000000
		- DUT    = 522916.000000

[PASSED] -> DMVM - 465760000ps | [i] = 47
		- Golden = -58.000000
		- DUT    = 524230.000000

[PASSED] -> DMVM - 465930000ps | [i] = 48
		- Golden = -35351.000000
		- DUT    = 488937.000000

[PASSED] -> DMVM - 466130000ps | [i] = 49
		- Golden = -84556.000000
		- DUT    = 439732.000000

------------------------- Subgraph 10 -------------------------

[PASSED] -> DMVM - 466300000ps | [i] = 50
		- Golden = 7228.000000
		- DUT    = 7228.000000

[PASSED] -> DMVM - 466310000ps | [i] = 51
		- Golden = 20759.000000
		- DUT    = 20759.000000

[PASSED] -> DMVM - 466520000ps | [i] = 52
		- Golden = 25222.000000
		- DUT    = 25222.000000

[PASSED] -> DMVM - 466770000ps | [i] = 53
		- Golden = -11226.000000
		- DUT    = 513062.000000

------------------------- Subgraph 11 -------------------------

[PASSED] -> DMVM - 467030000ps | [i] = 54
		- Golden = 9138.000000
		- DUT    = 9138.000000

[PASSED] -> DMVM - 467040000ps | [i] = 55
		- Golden = 20229.000000
		- DUT    = 20229.000000

[PASSED] -> DMVM - 467270000ps | [i] = 56
		- Golden = 30141.000000
		- DUT    = 30141.000000

[PASSED] -> DMVM - 467330000ps | [i] = 57
		- Golden = 24352.000000
		- DUT    = 24352.000000

------------------------- Subgraph 12 -------------------------

[PASSED] -> DMVM - 467370000ps | [i] = 58
		- Golden = 4745.000000
		- DUT    = 4745.000000

[PASSED] -> DMVM - 467380000ps | [i] = 59
		- Golden = 10199.000000
		- DUT    = 10199.000000

[PASSED] -> DMVM - 467390000ps | [i] = 60
		- Golden = 3554.000000
		- DUT    = 3554.000000

[PASSED] -> DMVM - 467450000ps | [i] = 61
		- Golden = 4615.000000
		- DUT    = 4615.000000

[PASSED] -> DMVM - 467480000ps | [i] = 62
		- Golden = 29067.000000
		- DUT    = 29067.000000

[PASSED] -> DMVM - 467520000ps | [i] = 63
		- Golden = 4087.000000
		- DUT    = 4087.000000

------------------------- Subgraph 13 -------------------------

[PASSED] -> DMVM - 467730000ps | [i] = 64
		- Golden = 7042.000000
		- DUT    = 7042.000000

[PASSED] -> DMVM - 467740000ps | [i] = 65
		- Golden = -30491.000000
		- DUT    = 493797.000000

