
------------------------- Subgraph 0 -------------------------

[PASSED] -> Divisor - 2884360000ps | [i] = 0
		- Golden = 4.000000
		- DUT    = 4.000000

------------------------- Subgraph 1 -------------------------

[PASSED] -> Divisor - 2885000000ps | [i] = 1
		- Golden = 4.000000
		- DUT    = 4.000000

------------------------- Subgraph 2 -------------------------

[FAILED] -> Divisor - 2885960000ps | [i] = 2
		- Golden = 7
		- DUT    = 6

------------------------- Subgraph 3 -------------------------

[FAILED] -> Divisor - 2886280000ps | [i] = 3
		- Golden = 256
		- DUT    = 2

------------------------- Subgraph 4 -------------------------

[PASSED] -> Divisor - 2887240000ps | [i] = 4
		- Golden = 6.000000
		- DUT    = 6.000000

------------------------- Subgraph 5 -------------------------

[FAILED] -> Divisor - 2887880000ps | [i] = 5
		- Golden = 4
		- DUT    = 131

------------------------- Subgraph 6 -------------------------

[FAILED] -> Divisor - 2888680000ps | [i] = 6
		- Golden = 195
		- DUT    = 16899

------------------------- Subgraph 7 -------------------------

[FAILED] -> Divisor - 2889000000ps | [i] = 7
		- Golden = 2
		- DUT    = 257

------------------------- Subgraph 8 -------------------------

[FAILED] -> Divisor - 2889640000ps | [i] = 8
		- Golden = 4
		- DUT    = 8322

------------------------- Subgraph 9 -------------------------

[FAILED] -> Divisor - 2890120000ps | [i] = 9
		- Golden = 3
		- DUT    = 517

------------------------- Subgraph 10 -------------------------

[PASSED] -> Divisor - 2890600000ps | [i] = 10
		- Golden = 3.000000
		- DUT    = 3.000000

------------------------- Subgraph 11 -------------------------

[FAILED] -> Divisor - 2891080000ps | [i] = 11
		- Golden = 3
		- DUT    = 131

------------------------- Subgraph 12 -------------------------

[PASSED] -> Divisor - 2891880000ps | [i] = 12
		- Golden = 5.000000
		- DUT    = 5.000000

------------------------- Subgraph 13 -------------------------

[PASSED] -> Divisor - 2892360000ps | [i] = 13
		- Golden = 3.000000
		- DUT    = 3.000000

------------------------- Subgraph 14 -------------------------

[FAILED] -> Divisor - 2893320000ps | [i] = 14
		- Golden = 6
		- DUT    = 13

------------------------- Subgraph 15 -------------------------

[PASSED] -> Divisor - 2894120000ps | [i] = 15
		- Golden = 5.000000
		- DUT    = 5.000000

------------------------- Subgraph 16 -------------------------

[FAILED] -> Divisor - 2894920000ps | [i] = 16
		- Golden = 5
		- DUT    = 31

------------------------- Subgraph 17 -------------------------

[PASSED] -> Divisor - 2895880000ps | [i] = 17
		- Golden = 6.000000
		- DUT    = 6.000000

------------------------- Subgraph 18 -------------------------

[FAILED] -> Divisor - 2896840000ps | [i] = 18
		- Golden = 6
		- DUT    = 14

------------------------- Subgraph 19 -------------------------

[FAILED] -> Divisor - 2897160000ps | [i] = 19
		- Golden = 2
		- DUT    = 65

------------------------- Subgraph 20 -------------------------

[FAILED] -> Divisor - 2898120000ps | [i] = 20
		- Golden = 6
		- DUT    = 276

------------------------- Subgraph 21 -------------------------

[PASSED] -> Divisor - 2898600000ps | [i] = 21
		- Golden = 3.000000
		- DUT    = 3.000000

------------------------- Subgraph 22 -------------------------

[FAILED] -> Divisor - 2899560000ps | [i] = 22
		- Golden = 6
		- DUT    = 262282

------------------------- Subgraph 23 -------------------------

[FAILED] -> Divisor - 2899880000ps | [i] = 23
		- Golden = 4194305
		- DUT    = 513

------------------------- Subgraph 24 -------------------------

[PASSED] -> Divisor - 2901160000ps | [i] = 24
		- Golden = 8.000000
		- DUT    = 8.000000

------------------------- Subgraph 25 -------------------------

[PASSED] -> Divisor - 2901960000ps | [i] = 25
		- Golden = 5.000000
		- DUT    = 5.000000

------------------------- Subgraph 26 -------------------------

[FAILED] -> Divisor - 2902920000ps | [i] = 26
		- Golden = 75497472
		- DUT    = 6

------------------------- Subgraph 27 -------------------------

[FAILED] -> Divisor - 2903720000ps | [i] = 27
		- Golden = 5
		- DUT    = 12

------------------------- Subgraph 28 -------------------------

[PASSED] -> Divisor - 2904040000ps | [i] = 28
		- Golden = 2.000000
		- DUT    = 2.000000

------------------------- Subgraph 29 -------------------------

[FAILED] -> Divisor - 2904520000ps | [i] = 29
		- Golden = 6
		- DUT    = 1057

------------------------- Subgraph 30 -------------------------

[FAILED] -> Divisor - 2905640000ps | [i] = 30
		- Golden = 7
		- DUT    = 38

------------------------- Subgraph 31 -------------------------

[FAILED] -> Divisor - 2905960000ps | [i] = 31
		- Golden = 8192
		- DUT    = 2

------------------------- Subgraph 32 -------------------------

[FAILED] -> Divisor - 2906760000ps | [i] = 32
		- Golden = 51
		- DUT    = 5

------------------------- Subgraph 33 -------------------------

[FAILED] -> Divisor - 2908360000ps | [i] = 33
		- Golden = 6291470
		- DUT    = 325

------------------------- Subgraph 34 -------------------------

[PASSED] -> Divisor - 2908680000ps | [i] = 34
		- Golden = 2.000000
		- DUT    = 2.000000

------------------------- Subgraph 35 -------------------------

[FAILED] -> Divisor - 2909320000ps | [i] = 35
		- Golden = 32
		- DUT    = 4

------------------------- Subgraph 36 -------------------------

[FAILED] -> Divisor - 2910760000ps | [i] = 36
		- Golden = 641
		- DUT    = 9

------------------------- Subgraph 37 -------------------------

[PASSED] -> Divisor - 2911400000ps | [i] = 37
		- Golden = 4.000000
		- DUT    = 4.000000

------------------------- Subgraph 38 -------------------------

[PASSED] -> Divisor - 2912200000ps | [i] = 38
		- Golden = 5.000000
		- DUT    = 5.000000

------------------------- Subgraph 39 -------------------------

[PASSED] -> Divisor - 2913480000ps | [i] = 39
		- Golden = 8.000000
		- DUT    = 8.000000

------------------------- Subgraph 40 -------------------------

[PASSED] -> Divisor - 2914120000ps | [i] = 40
		- Golden = 4.000000
		- DUT    = 4.000000

------------------------- Subgraph 41 -------------------------

[FAILED] -> Divisor - 2914920000ps | [i] = 41
		- Golden = 132
		- DUT    = 2248960

------------------------- Subgraph 42 -------------------------

[FAILED] -> Divisor - 2915400000ps | [i] = 42
		- Golden = 6291456
		- DUT    = 4

------------------------- Subgraph 43 -------------------------

[FAILED] -> Divisor - 2916520000ps | [i] = 43
		- Golden = 12
		- DUT    = 9251

------------------------- Subgraph 44 -------------------------

[PASSED] -> Divisor - 2917160000ps | [i] = 44
		- Golden = 4.000000
		- DUT    = 4.000000

------------------------- Subgraph 45 -------------------------

[FAILED] -> Divisor - 2918280000ps | [i] = 45
		- Golden = 7
		- DUT    = 2118

------------------------- Subgraph 46 -------------------------

[PASSED] -> Divisor - 2918760000ps | [i] = 46
		- Golden = 3.000000
		- DUT    = 3.000000

------------------------- Subgraph 47 -------------------------

[PASSED] -> Divisor - 2919240000ps | [i] = 47
		- Golden = 3.000000
		- DUT    = 3.000000

------------------------- Subgraph 48 -------------------------

[PASSED] -> Divisor - 2920840000ps | [i] = 48
		- Golden = 10.000000
		- DUT    = 10.000000

------------------------- Subgraph 49 -------------------------

[PASSED] -> Divisor - 2921320000ps | [i] = 49
		- Golden = 3.000000
		- DUT    = 3.000000

------------------------- Subgraph 50 -------------------------

[PASSED] -> Divisor - 2921640000ps | [i] = 50
		- Golden = 2.000000
		- DUT    = 2.000000

------------------------- Subgraph 51 -------------------------

[PASSED] -> Divisor - 2922760000ps | [i] = 51
		- Golden = 7.000000
		- DUT    = 7.000000

------------------------- Subgraph 52 -------------------------

[FAILED] -> Divisor - 2923720000ps | [i] = 52
		- Golden = 9
		- DUT    = 38

------------------------- Subgraph 53 -------------------------

[PASSED] -> Divisor - 2924360000ps | [i] = 53
		- Golden = 4.000000
		- DUT    = 4.000000

------------------------- Subgraph 54 -------------------------

[FAILED] -> Divisor - 2924840000ps | [i] = 54
		- Golden = 17
		- DUT    = 3

------------------------- Subgraph 55 -------------------------

[FAILED] -> Divisor - 2926920000ps | [i] = 55
		- Golden = 28
		- DUT    = 13

------------------------- Subgraph 56 -------------------------

[FAILED] -> Divisor - 2927720000ps | [i] = 56
		- Golden = -2147483648
		- DUT    = 147

------------------------- Subgraph 57 -------------------------

[PASSED] -> Divisor - 2928040000ps | [i] = 57
		- Golden = 2.000000
		- DUT    = 2.000000

------------------------- Subgraph 58 -------------------------

[FAILED] -> Divisor - 2928360000ps | [i] = 58
		- Golden = 2
		- DUT    = 544

------------------------- Subgraph 59 -------------------------

[FAILED] -> Divisor - 2930120000ps | [i] = 59
		- Golden = 11
		- DUT    = 5926

------------------------- Subgraph 60 -------------------------

[PASSED] -> Divisor - 2930760000ps | [i] = 60
		- Golden = 4.000000
		- DUT    = 4.000000

------------------------- Subgraph 61 -------------------------

[PASSED] -> Divisor - 2931720000ps | [i] = 61
		- Golden = 6.000000
		- DUT    = 6.000000

------------------------- Subgraph 62 -------------------------

[PASSED] -> Divisor - 2932040000ps | [i] = 62
		- Golden = 2.000000
		- DUT    = 2.000000

------------------------- Subgraph 63 -------------------------

[FAILED] -> Divisor - 2932360000ps | [i] = 63
		- Golden = 48
		- DUT    = 2

------------------------- Subgraph 64 -------------------------

[FAILED] -> Divisor - 2933000000ps | [i] = 64
		- Golden = 4
		- DUT    = 1048865

------------------------- Subgraph 65 -------------------------

[PASSED] -> Divisor - 2934760000ps | [i] = 65
		- Golden = 11.000000
		- DUT    = 11.000000

------------------------- Subgraph 66 -------------------------

[PASSED] -> Divisor - 2935080000ps | [i] = 66
		- Golden = 2.000000
		- DUT    = 2.000000

------------------------- Subgraph 67 -------------------------

[PASSED] -> Divisor - 2935720000ps | [i] = 67
		- Golden = 4.000000
		- DUT    = 4.000000

------------------------- Subgraph 68 -------------------------

[PASSED] -> Divisor - 2936360000ps | [i] = 68
		- Golden = 4.000000
		- DUT    = 4.000000

------------------------- Subgraph 69 -------------------------

[FAILED] -> Divisor - 2937640000ps | [i] = 69
		- Golden = -2147483648
		- DUT    = 9

------------------------- Subgraph 70 -------------------------

[PASSED] -> Divisor - 2938120000ps | [i] = 70
		- Golden = 3.000000
		- DUT    = 3.000000

------------------------- Subgraph 71 -------------------------

[FAILED] -> Divisor - 2938760000ps | [i] = 71
		- Golden = 4
		- DUT    = 12

------------------------- Subgraph 72 -------------------------

[FAILED] -> Divisor - 2939240000ps | [i] = 72
		- Golden = 3
		- DUT    = 18

------------------------- Subgraph 73 -------------------------

[PASSED] -> Divisor - 2941320000ps | [i] = 73
		- Golden = 13.000000
		- DUT    = 13.000000

------------------------- Subgraph 74 -------------------------

[FAILED] -> Divisor - 2942920000ps | [i] = 74
		- Golden = 32777
		- DUT    = 10

------------------------- Subgraph 75 -------------------------

[FAILED] -> Divisor - 2944040000ps | [i] = 75
		- Golden = 7
		- DUT    = 14

------------------------- Subgraph 76 -------------------------

[FAILED] -> Divisor - 2944680000ps | [i] = 76
		- Golden = 7
		- DUT    = 4

------------------------- Subgraph 77 -------------------------

[FAILED] -> Divisor - 2945160000ps | [i] = 77
		- Golden = 1180672
		- DUT    = 26

------------------------- Subgraph 78 -------------------------

[PASSED] -> Divisor - 2945800000ps | [i] = 78
		- Golden = 4.000000
		- DUT    = 4.000000

------------------------- Subgraph 79 -------------------------

[FAILED] -> Divisor - 2946280000ps | [i] = 79
		- Golden = 3
		- DUT    = 34817

------------------------- Subgraph 80 -------------------------

[PASSED] -> Divisor - 2946920000ps | [i] = 80
		- Golden = 4.000000
		- DUT    = 4.000000

------------------------- Subgraph 81 -------------------------

[PASSED] -> Divisor - 2947720000ps | [i] = 81
		- Golden = 5.000000
		- DUT    = 5.000000

------------------------- Subgraph 82 -------------------------

[PASSED] -> Divisor - 2948200000ps | [i] = 82
		- Golden = 3.000000
		- DUT    = 3.000000

------------------------- Subgraph 83 -------------------------

[PASSED] -> Divisor - 2948680000ps | [i] = 83
		- Golden = 3.000000
		- DUT    = 3.000000

------------------------- Subgraph 84 -------------------------

[PASSED] -> Divisor - 2949640000ps | [i] = 84
		- Golden = 6.000000
		- DUT    = 6.000000

------------------------- Subgraph 85 -------------------------

[FAILED] -> Divisor - 2950280000ps | [i] = 85
		- Golden = 4
		- DUT    = 2104

------------------------- Subgraph 86 -------------------------

[PASSED] -> Divisor - 2951080000ps | [i] = 86
		- Golden = 5.000000
		- DUT    = 5.000000

------------------------- Subgraph 87 -------------------------

[FAILED] -> Divisor - 2951720000ps | [i] = 87
		- Golden = 4259856
		- DUT    = 4

------------------------- Subgraph 88 -------------------------

[FAILED] -> Divisor - 2957640000ps | [i] = 88
		- Golden = 16909409
		- DUT    = 614

------------------------- Subgraph 89 -------------------------

[FAILED] -> Divisor - 2959400000ps | [i] = 89
		- Golden = 11
		- DUT    = 12

------------------------- Subgraph 90 -------------------------

[FAILED] -> Divisor - 2960200000ps | [i] = 90
		- Golden = 5
		- DUT    = 13

------------------------- Subgraph 91 -------------------------


------------------------- Subgraph 0 -------------------------

[PASSED] -> Divisor - 2884360000ps | [i] = 0
		- Golden = 4.000000
		- DUT    = 4.000000

------------------------- Subgraph 1 -------------------------

[PASSED] -> Divisor - 2885000000ps | [i] = 1
		- Golden = 4.000000
		- DUT    = 4.000000

------------------------- Subgraph 2 -------------------------

[FAILED] -> Divisor - 2885960000ps | [i] = 2
		- Golden = 7
		- DUT    = 6

------------------------- Subgraph 3 -------------------------

[FAILED] -> Divisor - 2886280000ps | [i] = 3
		- Golden = 256
		- DUT    = 2

------------------------- Subgraph 4 -------------------------

[PASSED] -> Divisor - 2887240000ps | [i] = 4
		- Golden = 6.000000
		- DUT    = 6.000000

------------------------- Subgraph 5 -------------------------

[FAILED] -> Divisor - 2887880000ps | [i] = 5
		- Golden = 4
		- DUT    = 131

------------------------- Subgraph 6 -------------------------

[FAILED] -> Divisor - 2888680000ps | [i] = 6
		- Golden = 195
		- DUT    = 16899

------------------------- Subgraph 7 -------------------------

[FAILED] -> Divisor - 2889000000ps | [i] = 7
		- Golden = 2
		- DUT    = 257

------------------------- Subgraph 8 -------------------------

[FAILED] -> Divisor - 2889640000ps | [i] = 8
		- Golden = 4
		- DUT    = 8322

------------------------- Subgraph 9 -------------------------

[FAILED] -> Divisor - 2890120000ps | [i] = 9
		- Golden = 3
		- DUT    = 517

------------------------- Subgraph 10 -------------------------

[PASSED] -> Divisor - 2890600000ps | [i] = 10
		- Golden = 3.000000
		- DUT    = 3.000000

------------------------- Subgraph 11 -------------------------

[FAILED] -> Divisor - 2891080000ps | [i] = 11
		- Golden = 3
		- DUT    = 131

------------------------- Subgraph 12 -------------------------

[PASSED] -> Divisor - 2891880000ps | [i] = 12
		- Golden = 5.000000
		- DUT    = 5.000000

------------------------- Subgraph 13 -------------------------

[PASSED] -> Divisor - 2892360000ps | [i] = 13
		- Golden = 3.000000
		- DUT    = 3.000000

------------------------- Subgraph 14 -------------------------

[FAILED] -> Divisor - 2893320000ps | [i] = 14
		- Golden = 6
		- DUT    = 13

------------------------- Subgraph 15 -------------------------

[PASSED] -> Divisor - 2894120000ps | [i] = 15
		- Golden = 5.000000
		- DUT    = 5.000000

------------------------- Subgraph 16 -------------------------

[FAILED] -> Divisor - 2894920000ps | [i] = 16
		- Golden = 5
		- DUT    = 31

------------------------- Subgraph 17 -------------------------

[PASSED] -> Divisor - 2895880000ps | [i] = 17
		- Golden = 6.000000
		- DUT    = 6.000000

------------------------- Subgraph 18 -------------------------

[FAILED] -> Divisor - 2896840000ps | [i] = 18
		- Golden = 6
		- DUT    = 14

------------------------- Subgraph 19 -------------------------

[FAILED] -> Divisor - 2897160000ps | [i] = 19
		- Golden = 2
		- DUT    = 65

------------------------- Subgraph 20 -------------------------

[FAILED] -> Divisor - 2898120000ps | [i] = 20
		- Golden = 6
		- DUT    = 276

------------------------- Subgraph 21 -------------------------

[PASSED] -> Divisor - 2898600000ps | [i] = 21
		- Golden = 3.000000
		- DUT    = 3.000000

------------------------- Subgraph 22 -------------------------

[FAILED] -> Divisor - 2899560000ps | [i] = 22
		- Golden = 6
		- DUT    = 262282

------------------------- Subgraph 23 -------------------------

[FAILED] -> Divisor - 2899880000ps | [i] = 23
		- Golden = 4194305
		- DUT    = 513

------------------------- Subgraph 24 -------------------------

[PASSED] -> Divisor - 2901160000ps | [i] = 24
		- Golden = 8.000000
		- DUT    = 8.000000

------------------------- Subgraph 25 -------------------------

[PASSED] -> Divisor - 2901960000ps | [i] = 25
		- Golden = 5.000000
		- DUT    = 5.000000

------------------------- Subgraph 26 -------------------------

[FAILED] -> Divisor - 2902920000ps | [i] = 26
		- Golden = 75497472
		- DUT    = 6

------------------------- Subgraph 27 -------------------------

[FAILED] -> Divisor - 2903720000ps | [i] = 27
		- Golden = 5
		- DUT    = 12

------------------------- Subgraph 28 -------------------------

[PASSED] -> Divisor - 2904040000ps | [i] = 28
		- Golden = 2.000000
		- DUT    = 2.000000

------------------------- Subgraph 29 -------------------------

[FAILED] -> Divisor - 2904520000ps | [i] = 29
		- Golden = 6
		- DUT    = 1057

------------------------- Subgraph 30 -------------------------

[FAILED] -> Divisor - 2905640000ps | [i] = 30
		- Golden = 7
		- DUT    = 38

------------------------- Subgraph 31 -------------------------

[FAILED] -> Divisor - 2905960000ps | [i] = 31
		- Golden = 8192
		- DUT    = 2

------------------------- Subgraph 32 -------------------------

[FAILED] -> Divisor - 2906760000ps | [i] = 32
		- Golden = 51
		- DUT    = 5

------------------------- Subgraph 33 -------------------------

[FAILED] -> Divisor - 2908360000ps | [i] = 33
		- Golden = 6291470
		- DUT    = 325

------------------------- Subgraph 34 -------------------------

[PASSED] -> Divisor - 2908680000ps | [i] = 34
		- Golden = 2.000000
		- DUT    = 2.000000

------------------------- Subgraph 35 -------------------------

[FAILED] -> Divisor - 2909320000ps | [i] = 35
		- Golden = 32
		- DUT    = 4

------------------------- Subgraph 36 -------------------------

[FAILED] -> Divisor - 2910760000ps | [i] = 36
		- Golden = 641
		- DUT    = 9

------------------------- Subgraph 37 -------------------------

[PASSED] -> Divisor - 2911400000ps | [i] = 37
		- Golden = 4.000000
		- DUT    = 4.000000

------------------------- Subgraph 38 -------------------------

[PASSED] -> Divisor - 2912200000ps | [i] = 38
		- Golden = 5.000000
		- DUT    = 5.000000

------------------------- Subgraph 39 -------------------------

[PASSED] -> Divisor - 2913480000ps | [i] = 39
		- Golden = 8.000000
		- DUT    = 8.000000

------------------------- Subgraph 40 -------------------------

[PASSED] -> Divisor - 2914120000ps | [i] = 40
		- Golden = 4.000000
		- DUT    = 4.000000

------------------------- Subgraph 41 -------------------------

[FAILED] -> Divisor - 2914920000ps | [i] = 41
		- Golden = 132
		- DUT    = 2248960

------------------------- Subgraph 42 -------------------------

[FAILED] -> Divisor - 2915400000ps | [i] = 42
		- Golden = 6291456
		- DUT    = 4

------------------------- Subgraph 43 -------------------------

[FAILED] -> Divisor - 2916520000ps | [i] = 43
		- Golden = 12
		- DUT    = 9251

------------------------- Subgraph 44 -------------------------

[PASSED] -> Divisor - 2917160000ps | [i] = 44
		- Golden = 4.000000
		- DUT    = 4.000000

------------------------- Subgraph 45 -------------------------

[FAILED] -> Divisor - 2918280000ps | [i] = 45
		- Golden = 7
		- DUT    = 2118

------------------------- Subgraph 46 -------------------------

[PASSED] -> Divisor - 2918760000ps | [i] = 46
		- Golden = 3.000000
		- DUT    = 3.000000

------------------------- Subgraph 47 -------------------------

[PASSED] -> Divisor - 2919240000ps | [i] = 47
		- Golden = 3.000000
		- DUT    = 3.000000

------------------------- Subgraph 48 -------------------------

[PASSED] -> Divisor - 2920840000ps | [i] = 48
		- Golden = 10.000000
		- DUT    = 10.000000

------------------------- Subgraph 49 -------------------------

[PASSED] -> Divisor - 2921320000ps | [i] = 49
		- Golden = 3.000000
		- DUT    = 3.000000

------------------------- Subgraph 50 -------------------------

[PASSED] -> Divisor - 2921640000ps | [i] = 50
		- Golden = 2.000000
		- DUT    = 2.000000

------------------------- Subgraph 51 -------------------------

[PASSED] -> Divisor - 2922760000ps | [i] = 51
		- Golden = 7.000000
		- DUT    = 7.000000

------------------------- Subgraph 52 -------------------------

[FAILED] -> Divisor - 2923720000ps | [i] = 52
		- Golden = 9
		- DUT    = 38

------------------------- Subgraph 53 -------------------------

[PASSED] -> Divisor - 2924360000ps | [i] = 53
		- Golden = 4.000000
		- DUT    = 4.000000

------------------------- Subgraph 54 -------------------------

[FAILED] -> Divisor - 2924840000ps | [i] = 54
		- Golden = 17
		- DUT    = 3

------------------------- Subgraph 55 -------------------------

[FAILED] -> Divisor - 2926920000ps | [i] = 55
		- Golden = 28
		- DUT    = 13

------------------------- Subgraph 56 -------------------------

[FAILED] -> Divisor - 2927720000ps | [i] = 56
		- Golden = -2147483648
		- DUT    = 147

------------------------- Subgraph 57 -------------------------

[PASSED] -> Divisor - 2928040000ps | [i] = 57
		- Golden = 2.000000
		- DUT    = 2.000000

------------------------- Subgraph 58 -------------------------

[FAILED] -> Divisor - 2928360000ps | [i] = 58
		- Golden = 2
		- DUT    = 544

------------------------- Subgraph 59 -------------------------

[FAILED] -> Divisor - 2930120000ps | [i] = 59
		- Golden = 11
		- DUT    = 5926

------------------------- Subgraph 60 -------------------------

[PASSED] -> Divisor - 2930760000ps | [i] = 60
		- Golden = 4.000000
		- DUT    = 4.000000

------------------------- Subgraph 61 -------------------------

[PASSED] -> Divisor - 2931720000ps | [i] = 61
		- Golden = 6.000000
		- DUT    = 6.000000

------------------------- Subgraph 62 -------------------------

[PASSED] -> Divisor - 2932040000ps | [i] = 62
		- Golden = 2.000000
		- DUT    = 2.000000

------------------------- Subgraph 63 -------------------------

[FAILED] -> Divisor - 2932360000ps | [i] = 63
		- Golden = 48
		- DUT    = 2

------------------------- Subgraph 64 -------------------------

[FAILED] -> Divisor - 2933000000ps | [i] = 64
		- Golden = 4
		- DUT    = 1048865

------------------------- Subgraph 65 -------------------------

[PASSED] -> Divisor - 2934760000ps | [i] = 65
		- Golden = 11.000000
		- DUT    = 11.000000

------------------------- Subgraph 66 -------------------------

[PASSED] -> Divisor - 2935080000ps | [i] = 66
		- Golden = 2.000000
		- DUT    = 2.000000

------------------------- Subgraph 67 -------------------------

[PASSED] -> Divisor - 2935720000ps | [i] = 67
		- Golden = 4.000000
		- DUT    = 4.000000

------------------------- Subgraph 68 -------------------------

[PASSED] -> Divisor - 2936360000ps | [i] = 68
		- Golden = 4.000000
		- DUT    = 4.000000

------------------------- Subgraph 69 -------------------------

[FAILED] -> Divisor - 2937640000ps | [i] = 69
		- Golden = -2147483648
		- DUT    = 9

------------------------- Subgraph 70 -------------------------

[PASSED] -> Divisor - 2938120000ps | [i] = 70
		- Golden = 3.000000
		- DUT    = 3.000000

------------------------- Subgraph 71 -------------------------

[FAILED] -> Divisor - 2938760000ps | [i] = 71
		- Golden = 4
		- DUT    = 12

------------------------- Subgraph 72 -------------------------

[FAILED] -> Divisor - 2939240000ps | [i] = 72
		- Golden = 3
		- DUT    = 18

------------------------- Subgraph 73 -------------------------

[PASSED] -> Divisor - 2941320000ps | [i] = 73
		- Golden = 13.000000
		- DUT    = 13.000000

------------------------- Subgraph 74 -------------------------

[FAILED] -> Divisor - 2942920000ps | [i] = 74
		- Golden = 32777
		- DUT    = 10

------------------------- Subgraph 75 -------------------------

[FAILED] -> Divisor - 2944040000ps | [i] = 75
		- Golden = 7
		- DUT    = 14

------------------------- Subgraph 76 -------------------------

[FAILED] -> Divisor - 2944680000ps | [i] = 76
		- Golden = 7
		- DUT    = 4

------------------------- Subgraph 77 -------------------------

[FAILED] -> Divisor - 2945160000ps | [i] = 77
		- Golden = 1180672
		- DUT    = 26

------------------------- Subgraph 78 -------------------------

[PASSED] -> Divisor - 2945800000ps | [i] = 78
		- Golden = 4.000000
		- DUT    = 4.000000

------------------------- Subgraph 79 -------------------------

[FAILED] -> Divisor - 2946280000ps | [i] = 79
		- Golden = 3
		- DUT    = 34817

------------------------- Subgraph 80 -------------------------

[PASSED] -> Divisor - 2946920000ps | [i] = 80
		- Golden = 4.000000
		- DUT    = 4.000000

------------------------- Subgraph 81 -------------------------

[PASSED] -> Divisor - 2947720000ps | [i] = 81
		- Golden = 5.000000
		- DUT    = 5.000000

------------------------- Subgraph 82 -------------------------

[PASSED] -> Divisor - 2948200000ps | [i] = 82
		- Golden = 3.000000
		- DUT    = 3.000000

------------------------- Subgraph 83 -------------------------

[PASSED] -> Divisor - 2948680000ps | [i] = 83
		- Golden = 3.000000
		- DUT    = 3.000000

------------------------- Subgraph 84 -------------------------

[PASSED] -> Divisor - 2949640000ps | [i] = 84
		- Golden = 6.000000
		- DUT    = 6.000000

------------------------- Subgraph 85 -------------------------

[FAILED] -> Divisor - 2950280000ps | [i] = 85
		- Golden = 4
		- DUT    = 2104

------------------------- Subgraph 86 -------------------------

[PASSED] -> Divisor - 2951080000ps | [i] = 86
		- Golden = 5.000000
		- DUT    = 5.000000

------------------------- Subgraph 87 -------------------------

[FAILED] -> Divisor - 2951720000ps | [i] = 87
		- Golden = 4259856
		- DUT    = 4

------------------------- Subgraph 88 -------------------------

[FAILED] -> Divisor - 2957640000ps | [i] = 88
		- Golden = 16909409
		- DUT    = 614

------------------------- Subgraph 89 -------------------------

[FAILED] -> Divisor - 2959400000ps | [i] = 89
		- Golden = 11
		- DUT    = 12

------------------------- Subgraph 90 -------------------------

[FAILED] -> Divisor - 2960200000ps | [i] = 90
		- Golden = 5
		- DUT    = 13

------------------------- Subgraph 91 -------------------------

[FAILED] -> Divisor - 2961320000ps | [i] = 91
		- Golden = 7
		- DUT    = 39

------------------------- Subgraph 92 -------------------------

[FAILED] -> Divisor - 2961800000ps | [i] = 92
		- Golden = 4099
		- DUT    = 3

------------------------- Subgraph 93 -------------------------

[FAILED] -> Divisor - 2962600000ps | [i] = 93
		- Golden = 25090
		- DUT    = 1122

------------------------- Subgraph 94 -------------------------

[FAILED] -> Divisor - 2964520000ps | [i] = 94
		- Golden = -2147483648
		- DUT    = 12

------------------------- Subgraph 95 -------------------------

[FAILED] -> Divisor - 2968040000ps | [i] = 95
		- Golden = 16405
		- DUT    = 22

------------------------- Subgraph 96 -------------------------

[FAILED] -> Divisor - 2968360000ps | [i] = 96
		- Golden = 8519680
		- DUT    = 2

------------------------- Subgraph 97 -------------------------

[PASSED] -> Divisor - 2968840000ps | [i] = 97
		- Golden = 3.000000
		- DUT    = 3.000000

------------------------- Subgraph 98 -------------------------

[PASSED] -> Divisor - 2969160000ps | [i] = 98
		- Golden = 2.000000
		- DUT    = 2.000000

------------------------- Subgraph 99 -------------------------

[FAILED] -> Divisor - 2970280000ps | [i] = 99
		- Golden = 109051904
		- DUT    = 7

------------------------- Subgraph 100 -------------------------

[FAILED] -> Divisor - 2970760000ps | [i] = 100
		- Golden = 3
		- DUT    = 66

------------------------- Subgraph 101 -------------------------

[PASSED] -> Divisor - 2971400000ps | [i] = 101
		- Golden = 4.000000
		- DUT    = 4.000000

------------------------- Subgraph 102 -------------------------

[FAILED] -> Divisor - 2972840000ps | [i] = 102
		- Golden = 9
		- DUT    = 117

------------------------- Subgraph 103 -------------------------

[FAILED] -> Divisor - 2973960000ps | [i] = 103
		- Golden = 7
		- DUT    = 644

------------------------- Subgraph 104 -------------------------

[FAILED] -> Divisor - 2974760000ps | [i] = 104
		- Golden = 8193
		- DUT    = 5

------------------------- Subgraph 105 -------------------------

[PASSED] -> Divisor - 2975560000ps | [i] = 105
		- Golden = 5.000000
		- DUT    = 5.000000

------------------------- Subgraph 106 -------------------------

[FAILED] -> Divisor - 2975880000ps | [i] = 106
		- Golden = 1088
		- DUT    = 65

------------------------- Subgraph 107 -------------------------

[FAILED] -> Divisor - 2976680000ps | [i] = 107
		- Golden = 5
		- DUT    = 6

------------------------- Subgraph 108 -------------------------

[FAILED] -> Divisor - 2977320000ps | [i] = 108
		- Golden = 536924160
		- DUT    = 4

------------------------- Subgraph 109 -------------------------

[FAILED] -> Divisor - 2982600000ps | [i] = 109
		- Golden = 17418327
		- DUT    = 33

------------------------- Subgraph 110 -------------------------

[PASSED] -> Divisor - 2983560000ps | [i] = 110
		- Golden = 6.000000
		- DUT    = 6.000000

------------------------- Subgraph 111 -------------------------

[PASSED] -> Divisor - 2984680000ps | [i] = 111
		- Golden = 7.000000
		- DUT    = 7.000000

------------------------- Subgraph 112 -------------------------

[FAILED] -> Divisor - 2985480000ps | [i] = 112
		- Golden = 516
		- DUT    = 1028

------------------------- Subgraph 113 -------------------------

[PASSED] -> Divisor - 2986120000ps | [i] = 113
		- Golden = 4.000000
		- DUT    = 4.000000

------------------------- Subgraph 114 -------------------------

[FAILED] -> Divisor - 2986760000ps | [i] = 114
		- Golden = 4
		- DUT    = 18

------------------------- Subgraph 115 -------------------------

[PASSED] -> Divisor - 2987080000ps | [i] = 115
		- Golden = 2.000000
		- DUT    = 2.000000

------------------------- Subgraph 116 -------------------------

[FAILED] -> Divisor - 2987560000ps | [i] = 116
		- Golden = 514
		- DUT    = 4

------------------------- Subgraph 117 -------------------------

[PASSED] -> Divisor - 2988040000ps | [i] = 117
		- Golden = 3.000000
		- DUT    = 3.000000

------------------------- Subgraph 118 -------------------------

[FAILED] -> Divisor - 2991240000ps | [i] = 118
		- Golden = 3343
		- DUT    = 1060

------------------------- Subgraph 119 -------------------------

[PASSED] -> Divisor - 2992360000ps | [i] = 119
		- Golden = 7.000000
		- DUT    = 7.000000

------------------------- Subgraph 120 -------------------------

[FAILED] -> Divisor - 2993320000ps | [i] = 120
		- Golden = -2147483648
		- DUT    = 7

------------------------- Subgraph 121 -------------------------

[PASSED] -> Divisor - 2994600000ps | [i] = 121
		- Golden = 8.000000
		- DUT    = 8.000000

------------------------- Subgraph 122 -------------------------

[FAILED] -> Divisor - 2995400000ps | [i] = 122
		- Golden = 41943040
		- DUT    = 5

------------------------- Subgraph 123 -------------------------

[FAILED] -> Divisor - 2996200000ps | [i] = 123
		- Golden = -2147483648
		- DUT    = 75

------------------------- Subgraph 124 -------------------------

[FAILED] -> Divisor - 2997160000ps | [i] = 124
		- Golden = 13
		- DUT    = 70

------------------------- Subgraph 125 -------------------------

[PASSED] -> Divisor - 2997640000ps | [i] = 125
		- Golden = 3.000000
		- DUT    = 3.000000

------------------------- Subgraph 126 -------------------------

[FAILED] -> Divisor - 2998760000ps | [i] = 126
		- Golden = 137
		- DUT    = 795650

------------------------- Subgraph 127 -------------------------

[FAILED] -> Divisor - 2999080000ps | [i] = 127
		- Golden = 66560
		- DUT    = 2

------------------------- Subgraph 128 -------------------------

[FAILED] -> Divisor - 2999880000ps | [i] = 128
		- Golden = 68
		- DUT    = 23

------------------------- Subgraph 129 -------------------------

