

------------------------- Subgraph 0 -------------------------

[PASSED] -> WH - 459330000ps | [i] = 0
	- Golden = '{79,-15,53,33,106,54,-94,-50,17,-63,108,82,-100,201,-95,-114}
	- DUT    = '{79,-15,53,33,106,54,-94,-50,17,-63,108,82,-100,201,-95,-114}
,
[PASSED] -> WH - 459520000ps | [i] = 1
	- Golden = '{95,87,152,90,59,0,-92,-2,-11,38,-64,68,-36,40,-45,-67}
	- DUT    = '{95,87,152,90,59,0,-92,-2,-11,38,-64,68,-36,40,-45,-67}
,
[PASSED] -> WH - 459670000ps | [i] = 2
	- Golden = '{26,59,135,102,13,-38,-92,-48,111,-110,-37,71,66,103,-52,-124}
	- DUT    = '{26,59,135,102,13,-38,-92,-48,111,-110,-37,71,66,103,-52,-124}
,
[PASSED] -> WH - 459860000ps | [i] = 3
	- Golden = '{156,36,-121,139,60,29,-56,-73,122,107,-76,-60,2,96,-11,-20}
	- DUT    = '{156,36,-121,139,60,29,-56,-73,122,107,-76,-60,2,96,-11,-20}
,
[PASSED] -> WH - 460090000ps | [i] = 4
	- Golden = '{-199,12,-52,-47,40,-237,-22,64,-148,-95,7,152,-9,-46,230,-94}
	- DUT    = '{-199,12,-52,-47,40,-237,-22,64,-148,-95,7,152,-9,-46,230,-94}
,
[PASSED] -> WH - 460280000ps | [i] = 5
	- Golden = '{-63,22,-12,-79,120,-54,30,-75,-40,-161,99,144,-3,-60,16,-83}
	- DUT    = '{-63,22,-12,-79,120,-54,30,-75,-40,-161,99,144,-3,-60,16,-83}
,
[PASSED] -> WH - 460510000ps | [i] = 6
	- Golden = '{-171,92,-63,-31,89,-193,62,-21,-143,-94,108,130,-27,-156,137,-64}
	- DUT    = '{-171,92,-63,-31,89,-193,62,-21,-143,-94,108,130,-27,-156,137,-64}
,
[PASSED] -> WH - 460740000ps | [i] = 7
	- Golden = '{-354,132,-87,-110,33,-225,67,-62,-192,-177,3,250,124,-140,144,-145}
	- DUT    = '{-354,132,-87,-110,33,-225,67,-62,-192,-177,3,250,124,-140,144,-145}
,
[PASSED] -> WH - 460930000ps | [i] = 8
	- Golden = '{-63,22,-12,-79,120,-54,30,-75,-40,-161,99,144,-3,-60,16,-83}
	- DUT    = '{-63,22,-12,-79,120,-54,30,-75,-40,-161,99,144,-3,-60,16,-83}
,
[PASSED] -> WH - 461160000ps | [i] = 9
	- Golden = '{-199,12,-52,-47,40,-237,-22,64,-148,-95,7,152,-9,-46,230,-94}
	- DUT    = '{-199,12,-52,-47,40,-237,-22,64,-148,-95,7,152,-9,-46,230,-94}
,
[PASSED] -> WH - 461390000ps | [i] = 10
	- Golden = '{-97,-21,61,47,3,-88,-109,-7,90,-122,79,120,-20,-42,70,-137}
	- DUT    = '{-97,-21,61,47,3,-88,-109,-7,90,-122,79,120,-20,-42,70,-137}
,
[PASSED] -> WH - 461600000ps | [i] = 11
	- Golden = '{-80,124,-24,104,153,-116,-39,-7,-98,-122,59,184,-30,-66,87,-184}
	- DUT    = '{-80,124,-24,104,153,-116,-39,-7,-98,-122,59,184,-30,-66,87,-184}
,
[PASSED] -> WH - 461760000ps | [i] = 12
	- Golden = '{-37,16,11,-77,-1,-45,-15,-22,-56,-145,21,174,-26,-89,-13,-137}
	- DUT    = '{-37,16,11,-77,-1,-45,-15,-22,-56,-145,21,174,-26,-89,-13,-137}
,
[PASSED] -> WH - 461800000ps | [i] = 13
	- Golden = '{48,-9,-4,38,55,-10,-12,-23,17,-10,-7,37,-57,103,-38,-86}
	- DUT    = '{48,-9,-4,38,55,-10,-12,-23,17,-10,-7,37,-57,103,-38,-86}
,
[PASSED] -> WH - 462010000ps | [i] = 14
	- Golden = '{-48,-145,65,-83,-170,4,244,192,194,67,126,9,50,179,-18,236}
	- DUT    = '{-48,-145,65,-83,-170,4,244,192,194,67,126,9,50,179,-18,236}
,
[PASSED] -> WH - 462120000ps | [i] = 15
	- Golden = '{-137,-74,86,-60,-170,-46,60,215,135,-149,11,79,44,26,50,26}
	- DUT    = '{-137,-74,86,-60,-170,-46,60,215,135,-149,11,79,44,26,50,26}
,
[PASSED] -> WH - 462300000ps | [i] = 16
	- Golden = '{144,28,19,205,88,176,-103,-30,6,-18,-47,18,13,109,-85,-94}
	- DUT    = '{144,28,19,205,88,176,-103,-30,6,-18,-47,18,13,109,-85,-94}
,
[PASSED] -> WH - 462490000ps | [i] = 17
	- Golden = '{121,150,-77,84,202,95,-104,-120,143,-103,9,126,9,108,-43,-155}
	- DUT    = '{121,150,-77,84,202,95,-104,-120,143,-103,9,126,9,108,-43,-155}
,
[PASSED] -> WH - 462540000ps | [i] = 18
	- Golden = '{32,59,21,30,37,45,-23,-12,13,-63,-7,94,43,-2,-8,-34}
	- DUT    = '{32,59,21,30,37,45,-23,-12,13,-63,-7,94,43,-2,-8,-34}
,
[PASSED] -> WH - 462730000ps | [i] = 19
	- Golden = '{176,-147,-10,77,58,-21,-69,-60,28,84,-90,-54,-16,301,2,-103}
	- DUT    = '{176,-147,-10,77,58,-21,-69,-60,28,84,-90,-54,-16,301,2,-103}
,
[PASSED] -> WH - 462780000ps | [i] = 20
	- Golden = '{49,-39,-13,46,-8,35,-18,5,24,44,10,3,-74,26,-22,-12}
	- DUT    = '{49,-39,-13,46,-8,35,-18,5,24,44,10,3,-74,26,-22,-12}
,
[PASSED] -> WH - 462940000ps | [i] = 21
	- Golden = '{99,72,-44,66,61,108,-48,-97,-39,-11,25,57,1,70,-28,-79}
	- DUT    = '{99,72,-44,66,61,108,-48,-97,-39,-11,25,57,1,70,-28,-79}
,
[PASSED] -> WH - 463070000ps | [i] = 22
	- Golden = '{88,-89,26,-39,21,-32,59,28,-66,122,115,-32,-61,136,8,-22}
	- DUT    = '{88,-89,26,-39,21,-32,59,28,-66,122,115,-32,-61,136,8,-22}
,
[PASSED] -> WH - 463320000ps | [i] = 23
	- Golden = '{139,-154,-151,-25,131,-85,82,-26,-75,68,62,-60,-144,363,14,-51}
	- DUT    = '{139,-154,-151,-25,131,-85,82,-26,-75,68,62,-60,-144,363,14,-51}
,
[PASSED] -> WH - 463490000ps | [i] = 24
	- Golden = '{80,-118,-196,-49,110,-206,54,-82,-145,86,0,-116,23,228,54,-94}
	- DUT    = '{80,-118,-196,-49,110,-206,54,-82,-145,86,0,-116,23,228,54,-94}
,
[PASSED] -> WH - 463700000ps | [i] = 25
	- Golden = '{68,-235,-138,-125,35,-73,58,-125,1,200,-80,-232,109,218,-57,66}
	- DUT    = '{68,-235,-138,-125,35,-73,58,-125,1,200,-80,-232,109,218,-57,66}
,
[PASSED] -> WH - 463880000ps | [i] = 26
	- Golden = '{-39,-25,29,18,-66,64,39,2,105,-19,-59,23,-15,37,-42,49}
	- DUT    = '{-39,-25,29,18,-66,64,39,2,105,-19,-59,23,-15,37,-42,49}
,
[PASSED] -> WH - 464050000ps | [i] = 27
	- Golden = '{-191,-67,-33,-214,-92,-4,127,14,-2,-53,85,5,128,55,-11,67}
	- DUT    = '{-191,-67,-33,-214,-92,-4,127,14,-2,-53,85,5,128,55,-11,67}
,
[PASSED] -> WH - 464280000ps | [i] = 28
	- Golden = '{2,-116,87,-57,-59,-73,52,184,149,-64,132,27,27,149,5,57}
	- DUT    = '{2,-116,87,-57,-59,-73,52,184,149,-64,132,27,27,149,5,57}
,
[PASSED] -> WH - 464490000ps | [i] = 29
	- Golden = '{-29,-6,86,-120,-42,-21,92,118,14,-83,78,103,24,105,-15,76}
	- DUT    = '{-29,-6,86,-120,-42,-21,92,118,14,-83,78,103,24,105,-15,76}
,
[PASSED] -> WH - 464720000ps | [i] = 30
	- Golden = '{4,-85,86,-64,-115,6,72,20,187,-23,146,122,42,172,-59,122}
	- DUT    = '{4,-85,86,-64,-115,6,72,20,187,-23,146,122,42,172,-59,122}
,
[PASSED] -> WH - 464860000ps | [i] = 31
	- Golden = '{81,89,-17,73,35,135,-105,-235,203,-80,-3,3,222,153,-158,-97}
	- DUT    = '{81,89,-17,73,35,135,-105,-235,203,-80,-3,3,222,153,-158,-97}
,
[PASSED] -> WH - 464880000ps | [i] = 32
	- Golden = '{-3,22,-35,-9,0,22,-22,-25,-8,-45,2,35,0,10,-12,-29}
	- DUT    = '{-3,22,-35,-9,0,22,-22,-25,-8,-45,2,35,0,10,-12,-29}
,
[PASSED] -> WH - 465080000ps | [i] = 33
	- Golden = '{3,74,152,100,29,2,27,49,-72,39,39,99,33,-31,-62,-1}
	- DUT    = '{3,74,152,100,29,2,27,49,-72,39,39,99,33,-31,-62,-1}
,
[PASSED] -> WH - 465310000ps | [i] = 34
	- Golden = '{89,62,10,71,159,-54,-122,-134,82,-59,20,147,90,219,-58,-231}
	- DUT    = '{89,62,10,71,159,-54,-122,-134,82,-59,20,147,90,219,-58,-231}
,
[PASSED] -> WH - 465540000ps | [i] = 35
	- Golden = '{164,106,-53,85,175,33,-33,-59,-110,55,291,5,-252,132,-122,-91}
	- DUT    = '{164,106,-53,85,175,33,-33,-59,-110,55,291,5,-252,132,-122,-91}
,
[PASSED] -> WH - 465660000ps | [i] = 36
	- Golden = '{94,23,23,23,29,-7,-88,-161,10,-66,24,77,-5,211,-51,-201}
	- DUT    = '{94,23,23,23,29,-7,-88,-161,10,-66,24,77,-5,211,-51,-201}
,
[PASSED] -> WH - 465690000ps | [i] = 37
	- Golden = '{10,7,-55,20,15,17,29,-12,-54,84,-47,-13,-7,19,-6,6}
	- DUT    = '{10,7,-55,20,15,17,29,-12,-54,84,-47,-13,-7,19,-6,6}
,
[PASSED] -> WH - 465870000ps | [i] = 38
	- Golden = '{75,-172,-226,-108,75,-126,16,-114,-205,154,9,-141,-74,267,-1,-57}
	- DUT    = '{75,-172,-226,-108,75,-126,16,-114,-205,154,9,-141,-74,267,-1,-57}
,
[PASSED] -> WH - 466070000ps | [i] = 39
	- Golden = '{254,-178,-168,-95,228,-73,123,-110,-233,193,157,-60,-64,227,70,-133}
	- DUT    = '{254,-178,-168,-95,228,-73,123,-110,-233,193,157,-60,-64,227,70,-133}
,
[PASSED] -> WH - 466240000ps | [i] = 40
	- Golden = '{-46,-86,115,-59,-142,-101,-70,164,254,-41,81,58,82,172,36,145}
	- DUT    = '{-46,-86,115,-59,-142,-101,-70,164,254,-41,81,58,82,172,36,145}
,
[PASSED] -> WH - 466460000ps | [i] = 41
	- Golden = '{-162,-150,33,-180,-163,-135,23,107,167,-35,284,54,193,261,43,140}
	- DUT    = '{-162,-150,33,-180,-163,-135,23,107,167,-35,284,54,193,261,43,140}
,
[PASSED] -> WH - 466710000ps | [i] = 42
	- Golden = '{-124,-53,261,-66,-113,-128,-42,154,32,-107,293,206,155,286,-15,172}
	- DUT    = '{-124,-53,261,-66,-113,-128,-42,154,32,-107,293,206,155,286,-15,172}
,
[PASSED] -> WH - 466970000ps | [i] = 43
	- Golden = '{-111,-118,145,-124,-64,-112,91,-8,283,-188,80,147,143,290,-42,-5}
	- DUT    = '{-111,-118,145,-124,-64,-112,91,-8,283,-188,80,147,143,290,-42,-5}
,
[PASSED] -> WH - 467210000ps | [i] = 44
	- Golden = '{-67,40,254,-81,-218,3,246,170,138,-64,-10,83,-21,77,-49,130}
	- DUT    = '{-67,40,254,-81,-218,3,246,170,138,-64,-10,83,-21,77,-49,130}
,
[PASSED] -> WH - 467270000ps | [i] = 45
	- Golden = '{-52,-36,17,-27,-70,-6,56,84,9,37,-30,-42,-3,-17,-25,44}
	- DUT    = '{-52,-36,17,-27,-70,-6,56,84,9,37,-30,-42,-3,-17,-25,44}
,
[PASSED] -> WH - 467310000ps | [i] = 46
	- Golden = '{-62,3,-25,35,35,-190,-6,71,-156,2,-31,69,-4,-105,80,-51}
	- DUT    = '{-62,3,-25,35,35,-190,-6,71,-156,2,-31,69,-4,-105,80,-51}
,
[PASSED] -> WH - 467330000ps | [i] = 47
	- Golden = '{-24,1,-2,-12,2,-32,-11,19,-29,-33,-14,26,0,-13,48,-21}
	- DUT    = '{-24,1,-2,-12,2,-32,-11,19,-29,-33,-14,26,0,-13,48,-21}
,
[PASSED] -> WH - 467390000ps | [i] = 48
	- Golden = '{-85,68,-26,-5,131,-183,-78,-45,-90,-132,-22,172,86,-87,91,-149}
	- DUT    = '{-85,68,-26,-5,131,-183,-78,-45,-90,-132,-22,172,86,-87,91,-149}
,
[PASSED] -> WH - 467420000ps | [i] = 49
	- Golden = '{-92,107,-65,-12,36,-101,29,-44,-88,-32,-58,51,137,-97,47,-52}
	- DUT    = '{-92,107,-65,-12,36,-101,29,-44,-88,-32,-58,51,137,-97,47,-52}
,
[PASSED] -> WH - 467460000ps | [i] = 50
	- Golden = '{-85,11,-6,-5,52,-101,-59,-28,-36,-94,-2,84,3,-48,63,-95}
	- DUT    = '{-85,11,-6,-5,52,-101,-59,-28,-36,-94,-2,84,3,-48,63,-95}
,
[PASSED] -> WH - 467670000ps | [i] = 51
	- Golden = '{24,83,53,-4,102,-59,-89,-47,-2,-206,68,184,58,22,-10,-175}
	- DUT    = '{24,83,53,-4,102,-59,-89,-47,-2,-206,68,184,58,22,-10,-175}
,
