

------------------------- Subgraph 0 -------------------------

[PASSED] -> Divisor - 1185950000ps | [i] = 0
		- Golden = 2.000000
		- DUT    = 2.000000

------------------------- Subgraph 1 -------------------------

[PASSED] -> Divisor - 1187800000ps | [i] = 1
		- Golden = 64.000000
		- DUT    = 64.000000

------------------------- Subgraph 2 -------------------------

[PASSED] -> Divisor - 1188560000ps | [i] = 2
		- Golden = 64.000000
		- DUT    = 64.000000

------------------------- Subgraph 3 -------------------------

[PASSED] -> Divisor - 1189680000ps | [i] = 3
		- Golden = 134217728.000000
		- DUT    = 134217728.000000

------------------------- Subgraph 4 -------------------------

[PASSED] -> Divisor - 1190290000ps | [i] = 4
		- Golden = 24.000000
		- DUT    = 24.000000

------------------------- Subgraph 5 -------------------------

[PASSED] -> Divisor - 1190970000ps | [i] = 5
		- Golden = 3.000000
		- DUT    = 3.000000

------------------------- Subgraph 6 -------------------------

[PASSED] -> Divisor - 1191580000ps | [i] = 6
		- Golden = 192.000000
		- DUT    = 192.000000

------------------------- Subgraph 7 -------------------------

[PASSED] -> Divisor - 1192400000ps | [i] = 7
		- Golden = 3.000000
		- DUT    = 3.000000

------------------------- Subgraph 8 -------------------------

[PASSED] -> Divisor - 1193390000ps | [i] = 8
		- Golden = 10240.000000
		- DUT    = 10240.000000

------------------------- Subgraph 9 -------------------------

[PASSED] -> Divisor - 1194060000ps | [i] = 9
		- Golden = 96.000000
		- DUT    = 96.000000

------------------------- Subgraph 10 -------------------------

[PASSED] -> Divisor - 1195020000ps | [i] = 10
		- Golden = 6144.000000
		- DUT    = 6144.000000

------------------------- Subgraph 11 -------------------------

[PASSED] -> Divisor - 1195690000ps | [i] = 11
		- Golden = 20480.000000
		- DUT    = 20480.000000

------------------------- Subgraph 12 -------------------------

[PASSED] -> Divisor - 1199690000ps | [i] = 12
		- Golden = 58368.000000
		- DUT    = 58368.000000

------------------------- Subgraph 13 -------------------------

[PASSED] -> Divisor - 1201460000ps | [i] = 13
		- Golden = 2112.000000
		- DUT    = 2112.000000

------------------------- Subgraph 14 -------------------------

[PASSED] -> Divisor - 1202260000ps | [i] = 14
		- Golden = 96.000000
		- DUT    = 96.000000

------------------------- Subgraph 15 -------------------------

[PASSED] -> Divisor - 1202890000ps | [i] = 15
		- Golden = 80.000000
		- DUT    = 80.000000

------------------------- Subgraph 16 -------------------------

[PASSED] -> Divisor - 1207730000ps | [i] = 16
		- Golden = 1804033924333563805696.000000
		- DUT    = 1804033924333563805696.000000

------------------------- Subgraph 17 -------------------------

[PASSED] -> Divisor - 1208690000ps | [i] = 17
		- Golden = 24576.000000
		- DUT    = 24576.000000

------------------------- Subgraph 18 -------------------------

[PASSED] -> Divisor - 1209970000ps | [i] = 18
		- Golden = 57344.000000
		- DUT    = 57344.000000

------------------------- Subgraph 19 -------------------------

[PASSED] -> Divisor - 1211320000ps | [i] = 19
		- Golden = 4.000000
		- DUT    = 4.000000

------------------------- Subgraph 20 -------------------------

[PASSED] -> Divisor - 1211910000ps | [i] = 20
		- Golden = 160.000000
		- DUT    = 160.000000

------------------------- Subgraph 21 -------------------------

[PASSED] -> Divisor - 1212520000ps | [i] = 21
		- Golden = 1024.000000
		- DUT    = 1024.000000

------------------------- Subgraph 22 -------------------------

[PASSED] -> Divisor - 1213640000ps | [i] = 22
		- Golden = 3145728.000000
		- DUT    = 3145728.000000

------------------------- Subgraph 23 -------------------------

[PASSED] -> Divisor - 1214230000ps | [i] = 23
		- Golden = 2560.000000
		- DUT    = 2560.000000

------------------------- Subgraph 24 -------------------------

[PASSED] -> Divisor - 1215090000ps | [i] = 24
		- Golden = 28672.000000
		- DUT    = 28672.000000

------------------------- Subgraph 25 -------------------------

[PASSED] -> Divisor - 1216000000ps | [i] = 25
		- Golden = 24.000000
		- DUT    = 24.000000

------------------------- Subgraph 26 -------------------------

[PASSED] -> Divisor - 1216990000ps | [i] = 26
		- Golden = 32768.000000
		- DUT    = 32768.000000

------------------------- Subgraph 27 -------------------------

[PASSED] -> Divisor - 1220550000ps | [i] = 27
		- Golden = 7247757312.000000
		- DUT    = 7247757312.000000

------------------------- Subgraph 28 -------------------------

[PASSED] -> Divisor - 1224440000ps | [i] = 28
		- Golden = 851968.000000
		- DUT    = 851968.000000

------------------------- Subgraph 29 -------------------------

[PASSED] -> Divisor - 1225240000ps | [i] = 29
		- Golden = 671744.000000
		- DUT    = 671744.000000

------------------------- Subgraph 30 -------------------------

[PASSED] -> Divisor - 1225920000ps | [i] = 30
		- Golden = 44.000000
		- DUT    = 44.000000

------------------------- Subgraph 31 -------------------------

[PASSED] -> Divisor - 1227750000ps | [i] = 31
		- Golden = 1280.000000
		- DUT    = 1280.000000

------------------------- Subgraph 32 -------------------------

[PASSED] -> Divisor - 1228770000ps | [i] = 32
		- Golden = 8.000000
		- DUT    = 8.000000

------------------------- Subgraph 33 -------------------------

[PASSED] -> Divisor - 1230870000ps | [i] = 33
		- Golden = 56.000000
		- DUT    = 56.000000

------------------------- Subgraph 34 -------------------------

[PASSED] -> Divisor - 1231460000ps | [i] = 34
		- Golden = 192.000000
		- DUT    = 192.000000

------------------------- Subgraph 35 -------------------------

[PASSED] -> Divisor - 1232080000ps | [i] = 35
		- Golden = 12.000000
		- DUT    = 12.000000

------------------------- Subgraph 36 -------------------------

[PASSED] -> Divisor - 1232610000ps | [i] = 36
		- Golden = 1536.000000
		- DUT    = 1536.000000

------------------------- Subgraph 37 -------------------------

[PASSED] -> Divisor - 1233110000ps | [i] = 37
		- Golden = 4.000000
		- DUT    = 4.000000

------------------------- Subgraph 38 -------------------------

[PASSED] -> Divisor - 1234180000ps | [i] = 38
		- Golden = 640.000000
		- DUT    = 640.000000

------------------------- Subgraph 39 -------------------------

[PASSED] -> Divisor - 1235190000ps | [i] = 39
		- Golden = 5120.000000
		- DUT    = 5120.000000

------------------------- Subgraph 40 -------------------------

[PASSED] -> Divisor - 1236200000ps | [i] = 40
		- Golden = 2560.000000
		- DUT    = 2560.000000

------------------------- Subgraph 41 -------------------------

[PASSED] -> Divisor - 1237370000ps | [i] = 41
		- Golden = 4.000000
		- DUT    = 4.000000

------------------------- Subgraph 42 -------------------------

[FAILED] -> Divisor - 1274490000ps | [i] = 42
		- Golden = 640
		- DUT    = 128

------------------------- Subgraph 43 -------------------------

[FAILED] -> Divisor - 1311610000ps | [i] = 43
		- Golden = 18874368
		- DUT    = 128

------------------------- Subgraph 44 -------------------------

[FAILED] -> Divisor - 1348730000ps | [i] = 44
		- Golden = 10240
		- DUT    = 128

------------------------- Subgraph 45 -------------------------

[FAILED] -> Divisor - 1385850000ps | [i] = 45
		- Golden = 3
		- DUT    = 128

------------------------- Subgraph 46 -------------------------

[PASSED] -> Divisor - 1422970000ps | [i] = 46
		- Golden = 128.000000
		- DUT    = 128.000000

------------------------- Subgraph 47 -------------------------

[FAILED] -> Divisor - 1460090000ps | [i] = 47
		- Golden = 8704
		- DUT    = 128

------------------------- Subgraph 48 -------------------------

[FAILED] -> Divisor - 1497210000ps | [i] = 48
		- Golden = 1024
		- DUT    = 128

------------------------- Subgraph 49 -------------------------

[FAILED] -> Divisor - 1534330000ps | [i] = 49
		- Golden = 155648
		- DUT    = 128

------------------------- Subgraph 50 -------------------------

[FAILED] -> Divisor - 1571450000ps | [i] = 50
		- Golden = 96
		- DUT    = 128

------------------------- Subgraph 51 -------------------------

[FAILED] -> Divisor - 1608570000ps | [i] = 51
		- Golden = 3670016
		- DUT    = 331

------------------------- Subgraph 52 -------------------------

[FAILED] -> Divisor - 1645690000ps | [i] = 52
		- Golden = 128
		- DUT    = 604

------------------------- Subgraph 53 -------------------------

[FAILED] -> Divisor - 1682810000ps | [i] = 53
		- Golden = 64
		- DUT    = 128

------------------------- Subgraph 54 -------------------------

[FAILED] -> Divisor - 1719930000ps | [i] = 54
		- Golden = 768
		- DUT    = 128

------------------------- Subgraph 55 -------------------------

[FAILED] -> Divisor - 1757050000ps | [i] = 55
		- Golden = 112
		- DUT    = 128

------------------------- Subgraph 56 -------------------------

[FAILED] -> Divisor - 1794170000ps | [i] = 56
		- Golden = 5767168
		- DUT    = 128

------------------------- Subgraph 57 -------------------------

[FAILED] -> Divisor - 1831290000ps | [i] = 57
		- Golden = 14
		- DUT    = 128

------------------------- Subgraph 58 -------------------------

[FAILED] -> Divisor - 1868410000ps | [i] = 58
		- Golden = 196608
		- DUT    = 143

------------------------- Subgraph 59 -------------------------

[FAILED] -> Divisor - 1905530000ps | [i] = 59
		- Golden = 851968
		- DUT    = 128

------------------------- Subgraph 60 -------------------------

[FAILED] -> Divisor - 1942650000ps | [i] = 60
		- Golden = 24
		- DUT    = 421

------------------------- Subgraph 61 -------------------------

[FAILED] -> Divisor - 1979770000ps | [i] = 61
		- Golden = 832
		- DUT    = 506

------------------------- Subgraph 62 -------------------------

[FAILED] -> Divisor - 2016890000ps | [i] = 62
		- Golden = 6144
		- DUT    = 128

------------------------- Subgraph 63 -------------------------

[FAILED] -> Divisor - 2054010000ps | [i] = 63
		- Golden = 12
		- DUT    = 128

------------------------- Subgraph 64 -------------------------

[FAILED] -> Divisor - 2091130000ps | [i] = 64
		- Golden = 3145728
		- DUT    = 128

------------------------- Subgraph 65 -------------------------

[FAILED] -> Divisor - 2128250000ps | [i] = 65
		- Golden = 10
		- DUT    = 193

------------------------- Subgraph 66 -------------------------

[FAILED] -> Divisor - 2165370000ps | [i] = 66
		- Golden = 6144
		- DUT    = 128

------------------------- Subgraph 67 -------------------------

[FAILED] -> Divisor - 2202490000ps | [i] = 67
		- Golden = 3072
		- DUT    = 128

------------------------- Subgraph 68 -------------------------

[FAILED] -> Divisor - 2239610000ps | [i] = 68
		- Golden = 1024
		- DUT    = 131

------------------------- Subgraph 69 -------------------------

[FAILED] -> Divisor - 2276730000ps | [i] = 69
		- Golden = 192
		- DUT    = 128

------------------------- Subgraph 70 -------------------------

[FAILED] -> Divisor - 2313850000ps | [i] = 70
		- Golden = 23552
		- DUT    = 496

------------------------- Subgraph 71 -------------------------

[FAILED] -> Divisor - 2350970000ps | [i] = 71
		- Golden = 3
		- DUT    = 192

------------------------- Subgraph 72 -------------------------

[FAILED] -> Divisor - 2388090000ps | [i] = 72
		- Golden = 2
		- DUT    = 148

------------------------- Subgraph 73 -------------------------

[FAILED] -> Divisor - 2425210000ps | [i] = 73
		- Golden = 114688
		- DUT    = 175

------------------------- Subgraph 74 -------------------------

[FAILED] -> Divisor - 2462330000ps | [i] = 74
		- Golden = 2
		- DUT    = 129

------------------------- Subgraph 75 -------------------------

[FAILED] -> Divisor - 2499450000ps | [i] = 75
		- Golden = 147456
		- DUT    = 128

------------------------- Subgraph 76 -------------------------

[FAILED] -> Divisor - 2536570000ps | [i] = 76
		- Golden = 7
		- DUT    = 128

------------------------- Subgraph 77 -------------------------

[FAILED] -> Divisor - 2573690000ps | [i] = 77
		- Golden = 3
		- DUT    = 369

------------------------- Subgraph 78 -------------------------

[FAILED] -> Divisor - 2610810000ps | [i] = 78
		- Golden = 20971520
		- DUT    = 128

------------------------- Subgraph 79 -------------------------

[FAILED] -> Divisor - 2647930000ps | [i] = 79
		- Golden = 1344
		- DUT    = 128

------------------------- Subgraph 80 -------------------------

[FAILED] -> Divisor - 2685050000ps | [i] = 80
		- Golden = 8192
		- DUT    = 128

------------------------- Subgraph 81 -------------------------

[FAILED] -> Divisor - 2722170000ps | [i] = 81
		- Golden = 416
		- DUT    = 128

------------------------- Subgraph 82 -------------------------

[FAILED] -> Divisor - 2759290000ps | [i] = 82
		- Golden = 12
		- DUT    = 128

------------------------- Subgraph 83 -------------------------

[FAILED] -> Divisor - 2796410000ps | [i] = 83
		- Golden = 1507328
		- DUT    = 128

------------------------- Subgraph 84 -------------------------

[FAILED] -> Divisor - 2833530000ps | [i] = 84
		- Golden = 1536
		- DUT    = 128

------------------------- Subgraph 85 -------------------------

[FAILED] -> Divisor - 2870650000ps | [i] = 85
		- Golden = 2
		- DUT    = 128

------------------------- Subgraph 86 -------------------------

[FAILED] -> Divisor - 2907770000ps | [i] = 86
		- Golden = 640
		- DUT    = 216

------------------------- Subgraph 87 -------------------------

[FAILED] -> Divisor - 2944890000ps | [i] = 87
		- Golden = 2048
		- DUT    = 128

------------------------- Subgraph 88 -------------------------

[FAILED] -> Divisor - 2982010000ps | [i] = 88
		- Golden = 48
		- DUT    = 128

------------------------- Subgraph 89 -------------------------

[FAILED] -> Divisor - 3019130000ps | [i] = 89
		- Golden = 192
		- DUT    = 128

------------------------- Subgraph 90 -------------------------

[FAILED] -> Divisor - 3056250000ps | [i] = 90
		- Golden = 20
		- DUT    = 128

------------------------- Subgraph 91 -------------------------

[FAILED] -> Divisor - 3093370000ps | [i] = 91
		- Golden = 32
		- DUT    = 424

------------------------- Subgraph 92 -------------------------

[FAILED] -> Divisor - 3130490000ps | [i] = 92
		- Golden = 6144
		- DUT    = 519

------------------------- Subgraph 93 -------------------------

[FAILED] -> Divisor - 3167610000ps | [i] = 93
		- Golden = 48
		- DUT    = 270

------------------------- Subgraph 94 -------------------------

[FAILED] -> Divisor - 3204730000ps | [i] = 94
		- Golden = 384
		- DUT    = 128

------------------------- Subgraph 95 -------------------------

[FAILED] -> Divisor - 3241850000ps | [i] = 95
		- Golden = 4864
		- DUT    = 128

------------------------- Subgraph 96 -------------------------

[FAILED] -> Divisor - 3278970000ps | [i] = 96
		- Golden = 5
		- DUT    = 555

------------------------- Subgraph 97 -------------------------

[FAILED] -> Divisor - 3316090000ps | [i] = 97
		- Golden = 768
		- DUT    = 128

------------------------- Subgraph 98 -------------------------

[FAILED] -> Divisor - 3353210000ps | [i] = 98
		- Golden = 40960
		- DUT    = 128

------------------------- Subgraph 99 -------------------------

[FAILED] -> Divisor - 3390330000ps | [i] = 99
		- Golden = 896
		- DUT    = 128

------------------------- Subgraph 100 -------------------------

[FAILED] -> Divisor - 3427450000ps | [i] = 100
		- Golden = 3584
		- DUT    = 128

------------------------- Subgraph 101 -------------------------

[FAILED] -> Divisor - 3464570000ps | [i] = 101
		- Golden = 8
		- DUT    = 128

------------------------- Subgraph 102 -------------------------

[FAILED] -> Divisor - 3501690000ps | [i] = 102
		- Golden = 20
		- DUT    = 128

------------------------- Subgraph 103 -------------------------

[FAILED] -> Divisor - 3538810000ps | [i] = 103
		- Golden = 8
		- DUT    = 215

------------------------- Subgraph 104 -------------------------

[FAILED] -> Divisor - 3575930000ps | [i] = 104
		- Golden = 3
		- DUT    = 160

------------------------- Subgraph 105 -------------------------

[FAILED] -> Divisor - 3613050000ps | [i] = 105
		- Golden = 10240
		- DUT    = 128

------------------------- Subgraph 106 -------------------------

[FAILED] -> Divisor - 3650170000ps | [i] = 106
		- Golden = 6
		- DUT    = 128

------------------------- Subgraph 107 -------------------------

[FAILED] -> Divisor - 3687290000ps | [i] = 107
		- Golden = 64
		- DUT    = 128

------------------------- Subgraph 108 -------------------------

[FAILED] -> Divisor - 3724410000ps | [i] = 108
		- Golden = 3
		- DUT    = 128

------------------------- Subgraph 109 -------------------------

[FAILED] -> Divisor - 3761530000ps | [i] = 109
		- Golden = 5
		- DUT    = 128

------------------------- Subgraph 110 -------------------------

[FAILED] -> Divisor - 3798650000ps | [i] = 110
		- Golden = 416
		- DUT    = 390

------------------------- Subgraph 111 -------------------------

[FAILED] -> Divisor - 3835770000ps | [i] = 111
		- Golden = 2
		- DUT    = 128

------------------------- Subgraph 112 -------------------------

[FAILED] -> Divisor - 3872890000ps | [i] = 112
		- Golden = 2
		- DUT    = 128

------------------------- Subgraph 113 -------------------------

[FAILED] -> Divisor - 3910010000ps | [i] = 113
		- Golden = 21
		- DUT    = 128

------------------------- Subgraph 114 -------------------------

[FAILED] -> Divisor - 3947130000ps | [i] = 114
		- Golden = 7
		- DUT    = 128

------------------------- Subgraph 115 -------------------------

[FAILED] -> Divisor - 3984250000ps | [i] = 115
		- Golden = 3
		- DUT    = 128

------------------------- Subgraph 116 -------------------------

[FAILED] -> Divisor - 4021370000ps | [i] = 116
		- Golden = 2
		- DUT    = 128

------------------------- Subgraph 117 -------------------------

[FAILED] -> Divisor - 4058490000ps | [i] = 117
		- Golden = 2
		- DUT    = 128

------------------------- Subgraph 118 -------------------------

[FAILED] -> Divisor - 4095610000ps | [i] = 118
		- Golden = 3584
		- DUT    = 128

------------------------- Subgraph 119 -------------------------

[FAILED] -> Divisor - 4132730000ps | [i] = 119
		- Golden = 128
		- DUT    = 704

------------------------- Subgraph 120 -------------------------

[FAILED] -> Divisor - 4169850000ps | [i] = 120
		- Golden = 112
		- DUT    = 128

------------------------- Subgraph 121 -------------------------

[FAILED] -> Divisor - 4206970000ps | [i] = 121
		- Golden = 12
		- DUT    = 128

------------------------- Subgraph 122 -------------------------

[FAILED] -> Divisor - 4244090000ps | [i] = 122
		- Golden = 3
		- DUT    = 201

------------------------- Subgraph 123 -------------------------

[FAILED] -> Divisor - 4281210000ps | [i] = 123
		- Golden = 512
		- DUT    = 128

------------------------- Subgraph 124 -------------------------

[FAILED] -> Divisor - 4318330000ps | [i] = 124
		- Golden = 256
		- DUT    = 128

------------------------- Subgraph 125 -------------------------

[FAILED] -> Divisor - 4355450000ps | [i] = 125
		- Golden = 192
		- DUT    = 332

------------------------- Subgraph 126 -------------------------

[FAILED] -> Divisor - 4392570000ps | [i] = 126
		- Golden = 2
		- DUT    = 231

------------------------- Subgraph 127 -------------------------

[FAILED] -> Divisor - 4429690000ps | [i] = 127
		- Golden = 20
		- DUT    = 236

------------------------- Subgraph 128 -------------------------

[PASSED] -> Divisor - 4466810000ps | [i] = 128
		- Golden = 128.000000
		- DUT    = 128.000000

------------------------- Subgraph 129 -------------------------

[FAILED] -> Divisor - 4503930000ps | [i] = 129
		- Golden = 12
		- DUT    = 128

------------------------- Subgraph 130 -------------------------

[FAILED] -> Divisor - 4541050000ps | [i] = 130
		- Golden = 24576
		- DUT    = 128

------------------------- Subgraph 131 -------------------------

[FAILED] -> Divisor - 4578170000ps | [i] = 131
		- Golden = 368
		- DUT    = 128

------------------------- Subgraph 132 -------------------------

[FAILED] -> Divisor - 4615290000ps | [i] = 132
		- Golden = 9
		- DUT    = 128

------------------------- Subgraph 133 -------------------------

[FAILED] -> Divisor - 4652410000ps | [i] = 133
		- Golden = 1024
		- DUT    = 128

------------------------- Subgraph 134 -------------------------

[FAILED] -> Divisor - 4689530000ps | [i] = 134
		- Golden = 4096
		- DUT    = 128

------------------------- Subgraph 135 -------------------------

[FAILED] -> Divisor - 4726650000ps | [i] = 135
		- Golden = 36864
		- DUT    = 130

------------------------- Subgraph 136 -------------------------

[FAILED] -> Divisor - 4763770000ps | [i] = 136
		- Golden = 139264
		- DUT    = 128

------------------------- Subgraph 137 -------------------------

[FAILED] -> Divisor - 4800890000ps | [i] = 137
		- Golden = 819200
		- DUT    = 331

------------------------- Subgraph 138 -------------------------

[FAILED] -> Divisor - 4838010000ps | [i] = 138
		- Golden = 63488
		- DUT    = 128

------------------------- Subgraph 139 -------------------------

[FAILED] -> Divisor - 4875130000ps | [i] = 139
		- Golden = 3072
		- DUT    = 128

------------------------- Subgraph 140 -------------------------

[FAILED] -> Divisor - 4912250000ps | [i] = 140
		- Golden = 3
		- DUT    = 128

------------------------- Subgraph 141 -------------------------

[FAILED] -> Divisor - 4949370000ps | [i] = 141
		- Golden = 48
		- DUT    = 128

------------------------- Subgraph 142 -------------------------

[FAILED] -> Divisor - 4986490000ps | [i] = 142
		- Golden = 65536
		- DUT    = 128

------------------------- Subgraph 143 -------------------------

[FAILED] -> Divisor - 5023610000ps | [i] = 143
		- Golden = 48
		- DUT    = 128

------------------------- Subgraph 144 -------------------------

[FAILED] -> Divisor - 5060730000ps | [i] = 144
		- Golden = 11
		- DUT    = 135

------------------------- Subgraph 145 -------------------------

[FAILED] -> Divisor - 5097850000ps | [i] = 145
		- Golden = 2
		- DUT    = 128

------------------------- Subgraph 146 -------------------------

[FAILED] -> Divisor - 5134970000ps | [i] = 146
		- Golden = 64
		- DUT    = 128

------------------------- Subgraph 147 -------------------------

[FAILED] -> Divisor - 5172090000ps | [i] = 147
		- Golden = 720896
		- DUT    = 128

------------------------- Subgraph 148 -------------------------

