

------------------------- Subgraph 0 -------------------------

[PASSED] -> NumNode - 1185950000ps | [i] = 0
		- Golden = 2.000000
		- DUT    = 2.000000

------------------------- Subgraph 1 -------------------------

[PASSED] -> NumNode - 1187800000ps | [i] = 1
		- Golden = 6.000000
		- DUT    = 6.000000

------------------------- Subgraph 2 -------------------------

[PASSED] -> NumNode - 1188560000ps | [i] = 2
		- Golden = 2.000000
		- DUT    = 2.000000

------------------------- Subgraph 3 -------------------------

[PASSED] -> NumNode - 1189680000ps | [i] = 3
		- Golden = 3.000000
		- DUT    = 3.000000

------------------------- Subgraph 4 -------------------------

[PASSED] -> NumNode - 1190290000ps | [i] = 4
		- Golden = 2.000000
		- DUT    = 2.000000

------------------------- Subgraph 5 -------------------------

[PASSED] -> NumNode - 1190970000ps | [i] = 5
		- Golden = 2.000000
		- DUT    = 2.000000

------------------------- Subgraph 6 -------------------------

[PASSED] -> NumNode - 1191580000ps | [i] = 6
		- Golden = 2.000000
		- DUT    = 2.000000

------------------------- Subgraph 7 -------------------------

[PASSED] -> NumNode - 1192400000ps | [i] = 7
		- Golden = 3.000000
		- DUT    = 3.000000

------------------------- Subgraph 8 -------------------------

[PASSED] -> NumNode - 1193390000ps | [i] = 8
		- Golden = 3.000000
		- DUT    = 3.000000

------------------------- Subgraph 9 -------------------------

[PASSED] -> NumNode - 1194060000ps | [i] = 9
		- Golden = 2.000000
		- DUT    = 2.000000

------------------------- Subgraph 10 -------------------------

[PASSED] -> NumNode - 1195020000ps | [i] = 10
		- Golden = 3.000000
		- DUT    = 3.000000

------------------------- Subgraph 11 -------------------------

[PASSED] -> NumNode - 1195690000ps | [i] = 11
		- Golden = 2.000000
		- DUT    = 2.000000

------------------------- Subgraph 12 -------------------------

[PASSED] -> NumNode - 1199690000ps | [i] = 12
		- Golden = 13.000000
		- DUT    = 13.000000

------------------------- Subgraph 13 -------------------------

[PASSED] -> NumNode - 1201460000ps | [i] = 13
		- Golden = 6.000000
		- DUT    = 6.000000

------------------------- Subgraph 14 -------------------------

[PASSED] -> NumNode - 1202260000ps | [i] = 14
		- Golden = 3.000000
		- DUT    = 3.000000

------------------------- Subgraph 15 -------------------------

[PASSED] -> NumNode - 1202890000ps | [i] = 15
		- Golden = 2.000000
		- DUT    = 2.000000

------------------------- Subgraph 16 -------------------------

[PASSED] -> NumNode - 1207730000ps | [i] = 16
		- Golden = 15.000000
		- DUT    = 15.000000

------------------------- Subgraph 17 -------------------------

[PASSED] -> NumNode - 1208690000ps | [i] = 17
		- Golden = 3.000000
		- DUT    = 3.000000

------------------------- Subgraph 18 -------------------------

[PASSED] -> NumNode - 1209970000ps | [i] = 18
		- Golden = 4.000000
		- DUT    = 4.000000

------------------------- Subgraph 19 -------------------------

[PASSED] -> NumNode - 1211320000ps | [i] = 19
		- Golden = 4.000000
		- DUT    = 4.000000

------------------------- Subgraph 20 -------------------------

[PASSED] -> NumNode - 1211910000ps | [i] = 20
		- Golden = 2.000000
		- DUT    = 2.000000

------------------------- Subgraph 21 -------------------------

[PASSED] -> NumNode - 1212520000ps | [i] = 21
		- Golden = 2.000000
		- DUT    = 2.000000

------------------------- Subgraph 22 -------------------------

[PASSED] -> NumNode - 1213640000ps | [i] = 22
		- Golden = 4.000000
		- DUT    = 4.000000

------------------------- Subgraph 23 -------------------------

[PASSED] -> NumNode - 1214230000ps | [i] = 23
		- Golden = 2.000000
		- DUT    = 2.000000

------------------------- Subgraph 24 -------------------------

[PASSED] -> NumNode - 1215090000ps | [i] = 24
		- Golden = 3.000000
		- DUT    = 3.000000

------------------------- Subgraph 25 -------------------------

[PASSED] -> NumNode - 1216000000ps | [i] = 25
		- Golden = 3.000000
		- DUT    = 3.000000

------------------------- Subgraph 26 -------------------------

[PASSED] -> NumNode - 1216990000ps | [i] = 26
		- Golden = 3.000000
		- DUT    = 3.000000

------------------------- Subgraph 27 -------------------------

[PASSED] -> NumNode - 1220550000ps | [i] = 27
		- Golden = 11.000000
		- DUT    = 11.000000

------------------------- Subgraph 28 -------------------------

[PASSED] -> NumNode - 1224440000ps | [i] = 28
		- Golden = 12.000000
		- DUT    = 12.000000

------------------------- Subgraph 29 -------------------------

[PASSED] -> NumNode - 1225240000ps | [i] = 29
		- Golden = 3.000000
		- DUT    = 3.000000

------------------------- Subgraph 30 -------------------------

[PASSED] -> NumNode - 1225920000ps | [i] = 30
		- Golden = 3.000000
		- DUT    = 3.000000

------------------------- Subgraph 31 -------------------------

[PASSED] -> NumNode - 1227750000ps | [i] = 31
		- Golden = 5.000000
		- DUT    = 5.000000

------------------------- Subgraph 32 -------------------------

[PASSED] -> NumNode - 1228770000ps | [i] = 32
		- Golden = 3.000000
		- DUT    = 3.000000

------------------------- Subgraph 33 -------------------------

[PASSED] -> NumNode - 1230870000ps | [i] = 33
		- Golden = 6.000000
		- DUT    = 6.000000

------------------------- Subgraph 34 -------------------------

[PASSED] -> NumNode - 1231460000ps | [i] = 34
		- Golden = 2.000000
		- DUT    = 2.000000

------------------------- Subgraph 35 -------------------------

[PASSED] -> NumNode - 1232080000ps | [i] = 35
		- Golden = 2.000000
		- DUT    = 2.000000

------------------------- Subgraph 36 -------------------------

[PASSED] -> NumNode - 1232610000ps | [i] = 36
		- Golden = 2.000000
		- DUT    = 2.000000

------------------------- Subgraph 37 -------------------------

[PASSED] -> NumNode - 1233110000ps | [i] = 37
		- Golden = 2.000000
		- DUT    = 2.000000

------------------------- Subgraph 38 -------------------------

[PASSED] -> NumNode - 1234180000ps | [i] = 38
		- Golden = 3.000000
		- DUT    = 3.000000

------------------------- Subgraph 39 -------------------------

[PASSED] -> NumNode - 1235190000ps | [i] = 39
		- Golden = 3.000000
		- DUT    = 3.000000

------------------------- Subgraph 40 -------------------------

[PASSED] -> NumNode - 1236200000ps | [i] = 40
		- Golden = 3.000000
		- DUT    = 3.000000

------------------------- Subgraph 41 -------------------------

[PASSED] -> NumNode - 1237370000ps | [i] = 41
		- Golden = 4.000000
		- DUT    = 4.000000

------------------------- Subgraph 42 -------------------------

[FAILED] -> NumNode - 1274490000ps | [i] = 42
		- Golden = 2
		- DUT    = 0

------------------------- Subgraph 43 -------------------------

[FAILED] -> NumNode - 1311610000ps | [i] = 43
		- Golden = 11
		- DUT    = 0

------------------------- Subgraph 44 -------------------------

[FAILED] -> NumNode - 1348730000ps | [i] = 44
		- Golden = 3
		- DUT    = 0

------------------------- Subgraph 45 -------------------------

[FAILED] -> NumNode - 1385850000ps | [i] = 45
		- Golden = 2
		- DUT    = 0

------------------------- Subgraph 46 -------------------------

[FAILED] -> NumNode - 1422970000ps | [i] = 46
		- Golden = 2
		- DUT    = 0

------------------------- Subgraph 47 -------------------------

[FAILED] -> NumNode - 1460090000ps | [i] = 47
		- Golden = 6
		- DUT    = 0

------------------------- Subgraph 48 -------------------------

[FAILED] -> NumNode - 1497210000ps | [i] = 48
		- Golden = 2
		- DUT    = 0

------------------------- Subgraph 49 -------------------------

[FAILED] -> NumNode - 1534330000ps | [i] = 49
		- Golden = 7
		- DUT    = 0

------------------------- Subgraph 50 -------------------------

[FAILED] -> NumNode - 1571450000ps | [i] = 50
		- Golden = 3
		- DUT    = 0

------------------------- Subgraph 51 -------------------------

[FAILED] -> NumNode - 1608570000ps | [i] = 51
		- Golden = 9
		- DUT    = 0

------------------------- Subgraph 52 -------------------------

[FAILED] -> NumNode - 1645690000ps | [i] = 52
		- Golden = 3
		- DUT    = 0

------------------------- Subgraph 53 -------------------------

[FAILED] -> NumNode - 1682810000ps | [i] = 53
		- Golden = 2
		- DUT    = 0

------------------------- Subgraph 54 -------------------------

[FAILED] -> NumNode - 1719930000ps | [i] = 54
		- Golden = 4
		- DUT    = 0

------------------------- Subgraph 55 -------------------------

[FAILED] -> NumNode - 1757050000ps | [i] = 55
		- Golden = 4
		- DUT    = 0

------------------------- Subgraph 56 -------------------------

[FAILED] -> NumNode - 1794170000ps | [i] = 56
		- Golden = 3
		- DUT    = 0

------------------------- Subgraph 57 -------------------------

[FAILED] -> NumNode - 1831290000ps | [i] = 57
		- Golden = 3
		- DUT    = 0

------------------------- Subgraph 58 -------------------------

[FAILED] -> NumNode - 1868410000ps | [i] = 58
		- Golden = 6
		- DUT    = 0

------------------------- Subgraph 59 -------------------------

[FAILED] -> NumNode - 1905530000ps | [i] = 59
		- Golden = 8
		- DUT    = 0

------------------------- Subgraph 60 -------------------------

[FAILED] -> NumNode - 1942650000ps | [i] = 60
		- Golden = 4
		- DUT    = 0

------------------------- Subgraph 61 -------------------------

[FAILED] -> NumNode - 1979770000ps | [i] = 61
		- Golden = 7
		- DUT    = 0

------------------------- Subgraph 62 -------------------------

[FAILED] -> NumNode - 2016890000ps | [i] = 62
		- Golden = 2
		- DUT    = 0

------------------------- Subgraph 63 -------------------------

[FAILED] -> NumNode - 2054010000ps | [i] = 63
		- Golden = 2
		- DUT    = 0

------------------------- Subgraph 64 -------------------------

[FAILED] -> NumNode - 2091130000ps | [i] = 64
		- Golden = 2
		- DUT    = 0

------------------------- Subgraph 65 -------------------------

[FAILED] -> NumNode - 2128250000ps | [i] = 65
		- Golden = 2
		- DUT    = 0

------------------------- Subgraph 66 -------------------------

[FAILED] -> NumNode - 2165370000ps | [i] = 66
		- Golden = 4
		- DUT    = 0

------------------------- Subgraph 67 -------------------------

[FAILED] -> NumNode - 2202490000ps | [i] = 67
		- Golden = 2
		- DUT    = 0

------------------------- Subgraph 68 -------------------------

[FAILED] -> NumNode - 2239610000ps | [i] = 68
		- Golden = 2
		- DUT    = 0

------------------------- Subgraph 69 -------------------------

[FAILED] -> NumNode - 2276730000ps | [i] = 69
		- Golden = 4
		- DUT    = 0

------------------------- Subgraph 70 -------------------------

[FAILED] -> NumNode - 2313850000ps | [i] = 70
		- Golden = 8
		- DUT    = 0

------------------------- Subgraph 71 -------------------------

[FAILED] -> NumNode - 2350970000ps | [i] = 71
		- Golden = 3
		- DUT    = 0

------------------------- Subgraph 72 -------------------------

[FAILED] -> NumNode - 2388090000ps | [i] = 72
		- Golden = 2
		- DUT    = 0

------------------------- Subgraph 73 -------------------------

[FAILED] -> NumNode - 2425210000ps | [i] = 73
		- Golden = 4
		- DUT    = 0

------------------------- Subgraph 74 -------------------------

[FAILED] -> NumNode - 2462330000ps | [i] = 74
		- Golden = 2
		- DUT    = 0

------------------------- Subgraph 75 -------------------------

[FAILED] -> NumNode - 2499450000ps | [i] = 75
		- Golden = 5
		- DUT    = 0

------------------------- Subgraph 76 -------------------------

[FAILED] -> NumNode - 2536570000ps | [i] = 76
		- Golden = 7
		- DUT    = 0

------------------------- Subgraph 77 -------------------------

[FAILED] -> NumNode - 2573690000ps | [i] = 77
		- Golden = 2
		- DUT    = 0

------------------------- Subgraph 78 -------------------------

[FAILED] -> NumNode - 2610810000ps | [i] = 78
		- Golden = 5
		- DUT    = 0

------------------------- Subgraph 79 -------------------------

[FAILED] -> NumNode - 2647930000ps | [i] = 79
		- Golden = 3
		- DUT    = 0

------------------------- Subgraph 80 -------------------------

[FAILED] -> NumNode - 2685050000ps | [i] = 80
		- Golden = 4
		- DUT    = 0

------------------------- Subgraph 81 -------------------------

[FAILED] -> NumNode - 2722170000ps | [i] = 81
		- Golden = 7
		- DUT    = 0

------------------------- Subgraph 82 -------------------------

[FAILED] -> NumNode - 2759290000ps | [i] = 82
		- Golden = 2
		- DUT    = 0

------------------------- Subgraph 83 -------------------------

[FAILED] -> NumNode - 2796410000ps | [i] = 83
		- Golden = 17
		- DUT    = 0

------------------------- Subgraph 84 -------------------------

[FAILED] -> NumNode - 2833530000ps | [i] = 84
		- Golden = 3
		- DUT    = 0

------------------------- Subgraph 85 -------------------------

[FAILED] -> NumNode - 2870650000ps | [i] = 85
		- Golden = 2
		- DUT    = 0

------------------------- Subgraph 86 -------------------------

[FAILED] -> NumNode - 2907770000ps | [i] = 86
		- Golden = 3
		- DUT    = 0

------------------------- Subgraph 87 -------------------------

[FAILED] -> NumNode - 2944890000ps | [i] = 87
		- Golden = 3
		- DUT    = 0

------------------------- Subgraph 88 -------------------------

[FAILED] -> NumNode - 2982010000ps | [i] = 88
		- Golden = 2
		- DUT    = 0

------------------------- Subgraph 89 -------------------------

[FAILED] -> NumNode - 3019130000ps | [i] = 89
		- Golden = 2
		- DUT    = 0

------------------------- Subgraph 90 -------------------------

[FAILED] -> NumNode - 3056250000ps | [i] = 90
		- Golden = 3
		- DUT    = 0

------------------------- Subgraph 91 -------------------------

[FAILED] -> NumNode - 3093370000ps | [i] = 91
		- Golden = 2
		- DUT    = 0

------------------------- Subgraph 92 -------------------------

[FAILED] -> NumNode - 3130490000ps | [i] = 92
		- Golden = 3
		- DUT    = 0

------------------------- Subgraph 93 -------------------------

[FAILED] -> NumNode - 3167610000ps | [i] = 93
		- Golden = 2
		- DUT    = 0

------------------------- Subgraph 94 -------------------------

[FAILED] -> NumNode - 3204730000ps | [i] = 94
		- Golden = 3
		- DUT    = 0

------------------------- Subgraph 95 -------------------------

[FAILED] -> NumNode - 3241850000ps | [i] = 95
		- Golden = 7
		- DUT    = 0

------------------------- Subgraph 96 -------------------------

[FAILED] -> NumNode - 3278970000ps | [i] = 96
		- Golden = 5
		- DUT    = 0

------------------------- Subgraph 97 -------------------------

[FAILED] -> NumNode - 3316090000ps | [i] = 97
		- Golden = 4
		- DUT    = 0

------------------------- Subgraph 98 -------------------------

[FAILED] -> NumNode - 3353210000ps | [i] = 98
		- Golden = 11
		- DUT    = 0

------------------------- Subgraph 99 -------------------------

[FAILED] -> NumNode - 3390330000ps | [i] = 99
		- Golden = 4
		- DUT    = 0

------------------------- Subgraph 100 -------------------------

[FAILED] -> NumNode - 3427450000ps | [i] = 100
		- Golden = 3
		- DUT    = 0

------------------------- Subgraph 101 -------------------------

[FAILED] -> NumNode - 3464570000ps | [i] = 101
		- Golden = 8
		- DUT    = 0

------------------------- Subgraph 102 -------------------------

[FAILED] -> NumNode - 3501690000ps | [i] = 102
		- Golden = 5
		- DUT    = 0

------------------------- Subgraph 103 -------------------------

[FAILED] -> NumNode - 3538810000ps | [i] = 103
		- Golden = 2
		- DUT    = 0

------------------------- Subgraph 104 -------------------------

[FAILED] -> NumNode - 3575930000ps | [i] = 104
		- Golden = 3
		- DUT    = 0

------------------------- Subgraph 105 -------------------------

[FAILED] -> NumNode - 3613050000ps | [i] = 105
		- Golden = 2
		- DUT    = 0

------------------------- Subgraph 106 -------------------------

[FAILED] -> NumNode - 3650170000ps | [i] = 106
		- Golden = 6
		- DUT    = 0

------------------------- Subgraph 107 -------------------------

[FAILED] -> NumNode - 3687290000ps | [i] = 107
		- Golden = 2
		- DUT    = 0

------------------------- Subgraph 108 -------------------------

[FAILED] -> NumNode - 3724410000ps | [i] = 108
		- Golden = 3
		- DUT    = 0

------------------------- Subgraph 109 -------------------------

[FAILED] -> NumNode - 3761530000ps | [i] = 109
		- Golden = 5
		- DUT    = 0

------------------------- Subgraph 110 -------------------------

[FAILED] -> NumNode - 3798650000ps | [i] = 110
		- Golden = 7
		- DUT    = 0

------------------------- Subgraph 111 -------------------------

[FAILED] -> NumNode - 3835770000ps | [i] = 111
		- Golden = 2
		- DUT    = 0

------------------------- Subgraph 112 -------------------------

[FAILED] -> NumNode - 3872890000ps | [i] = 112
		- Golden = 2
		- DUT    = 0

------------------------- Subgraph 113 -------------------------

[FAILED] -> NumNode - 3910010000ps | [i] = 113
		- Golden = 5
		- DUT    = 0

------------------------- Subgraph 114 -------------------------

[FAILED] -> NumNode - 3947130000ps | [i] = 114
		- Golden = 7
		- DUT    = 0

------------------------- Subgraph 115 -------------------------

[FAILED] -> NumNode - 3984250000ps | [i] = 115
		- Golden = 3
		- DUT    = 0

------------------------- Subgraph 116 -------------------------

[FAILED] -> NumNode - 4021370000ps | [i] = 116
		- Golden = 2
		- DUT    = 0

------------------------- Subgraph 117 -------------------------

[FAILED] -> NumNode - 4058490000ps | [i] = 117
		- Golden = 2
		- DUT    = 0

------------------------- Subgraph 118 -------------------------

[FAILED] -> NumNode - 4095610000ps | [i] = 118
		- Golden = 4
		- DUT    = 0

------------------------- Subgraph 119 -------------------------

[FAILED] -> NumNode - 4132730000ps | [i] = 119
		- Golden = 5
		- DUT    = 0

------------------------- Subgraph 120 -------------------------

[FAILED] -> NumNode - 4169850000ps | [i] = 120
		- Golden = 3
		- DUT    = 0

------------------------- Subgraph 121 -------------------------

[FAILED] -> NumNode - 4206970000ps | [i] = 121
		- Golden = 3
		- DUT    = 0

------------------------- Subgraph 122 -------------------------

[FAILED] -> NumNode - 4244090000ps | [i] = 122
		- Golden = 3
		- DUT    = 0

------------------------- Subgraph 123 -------------------------

[FAILED] -> NumNode - 4281210000ps | [i] = 123
		- Golden = 2
		- DUT    = 0

------------------------- Subgraph 124 -------------------------

[FAILED] -> NumNode - 4318330000ps | [i] = 124
		- Golden = 2
		- DUT    = 0

------------------------- Subgraph 125 -------------------------

[FAILED] -> NumNode - 4355450000ps | [i] = 125
		- Golden = 2
		- DUT    = 0

------------------------- Subgraph 126 -------------------------

[FAILED] -> NumNode - 4392570000ps | [i] = 126
		- Golden = 2
		- DUT    = 0

------------------------- Subgraph 127 -------------------------

[FAILED] -> NumNode - 4429690000ps | [i] = 127
		- Golden = 2
		- DUT    = 0

------------------------- Subgraph 128 -------------------------

[FAILED] -> NumNode - 4466810000ps | [i] = 128
		- Golden = 2
		- DUT    = 0

------------------------- Subgraph 129 -------------------------

[FAILED] -> NumNode - 4503930000ps | [i] = 129
		- Golden = 2
		- DUT    = 0

------------------------- Subgraph 130 -------------------------

[FAILED] -> NumNode - 4541050000ps | [i] = 130
		- Golden = 3
		- DUT    = 0

------------------------- Subgraph 131 -------------------------

[FAILED] -> NumNode - 4578170000ps | [i] = 131
		- Golden = 4
		- DUT    = 0

------------------------- Subgraph 132 -------------------------

[FAILED] -> NumNode - 4615290000ps | [i] = 132
		- Golden = 7
		- DUT    = 0

------------------------- Subgraph 133 -------------------------

[FAILED] -> NumNode - 4652410000ps | [i] = 133
		- Golden = 2
		- DUT    = 0

------------------------- Subgraph 134 -------------------------

[FAILED] -> NumNode - 4689530000ps | [i] = 134
		- Golden = 2
		- DUT    = 0

------------------------- Subgraph 135 -------------------------

[FAILED] -> NumNode - 4726650000ps | [i] = 135
		- Golden = 4
		- DUT    = 0

------------------------- Subgraph 136 -------------------------

[FAILED] -> NumNode - 4763770000ps | [i] = 136
		- Golden = 12
		- DUT    = 0

------------------------- Subgraph 137 -------------------------

[FAILED] -> NumNode - 4800890000ps | [i] = 137
		- Golden = 5
		- DUT    = 0

------------------------- Subgraph 138 -------------------------

[FAILED] -> NumNode - 4838010000ps | [i] = 138
		- Golden = 10
		- DUT    = 0

------------------------- Subgraph 139 -------------------------

[FAILED] -> NumNode - 4875130000ps | [i] = 139
		- Golden = 3
		- DUT    = 0

------------------------- Subgraph 140 -------------------------

[FAILED] -> NumNode - 4912250000ps | [i] = 140
		- Golden = 2
		- DUT    = 0

------------------------- Subgraph 141 -------------------------

[FAILED] -> NumNode - 4949370000ps | [i] = 141
		- Golden = 2
		- DUT    = 0

------------------------- Subgraph 142 -------------------------

[FAILED] -> NumNode - 4986490000ps | [i] = 142
		- Golden = 6
		- DUT    = 0

------------------------- Subgraph 143 -------------------------

[FAILED] -> NumNode - 5023610000ps | [i] = 143
		- Golden = 2
		- DUT    = 0

------------------------- Subgraph 144 -------------------------

[FAILED] -> NumNode - 5060730000ps | [i] = 144
		- Golden = 5
		- DUT    = 0

------------------------- Subgraph 145 -------------------------

[FAILED] -> NumNode - 5097850000ps | [i] = 145
		- Golden = 2
		- DUT    = 0

------------------------- Subgraph 146 -------------------------

[FAILED] -> NumNode - 5134970000ps | [i] = 146
		- Golden = 3
		- DUT    = 0

------------------------- Subgraph 147 -------------------------

[FAILED] -> NumNode - 5172090000ps | [i] = 147
		- Golden = 9
		- DUT    = 0

------------------------- Subgraph 148 -------------------------

